2023-11-03 21:18:51.844 [main] INFO  com.dealermanager.DealermanagerApplication [SpringApplication.java : 655] - The following profiles are active: dev
2023-11-03 21:18:53.252 [main] INFO  o.springframework.cloud.context.scope.GenericScope [GenericScope.java : 295] - BeanFactory id=26497cc7-c9a3-32cb-bb94-938bdef9619e
2023-11-03 21:18:53.642 [main] INFO  o.s.boot.web.embedded.tomcat.TomcatWebServer [TomcatWebServer.java : 108] - Tomcat initialized with port(s): 30219 (http)
2023-11-03 21:18:53.652 [main] INFO  org.apache.coyote.http11.Http11NioProtocol [DirectJDKLog.java : 173] - Initializing ProtocolHandler ["http-nio-30219"]
2023-11-03 21:18:53.653 [main] INFO  org.apache.catalina.core.StandardService [DirectJDKLog.java : 173] - Starting service [Tomcat]
2023-11-03 21:18:53.653 [main] INFO  org.apache.catalina.core.StandardEngine [DirectJDKLog.java : 173] - Starting Servlet engine: [Apache Tomcat/9.0.41]
2023-11-03 21:18:53.971 [main] INFO  o.a.c.core.ContainerBase.[Tomcat].[localhost].[/] [DirectJDKLog.java : 173] - Initializing Spring embedded WebApplicationContext
2023-11-03 21:18:53.972 [main] INFO  o.s.b.w.s.c.ServletWebServerApplicationContext [ServletWebServerApplicationContext.java : 285] - Root WebApplicationContext: initialization completed in 2102 ms
2023-11-03 21:18:57.652 [main] INFO  o.s.b.actuate.endpoint.web.EndpointLinksResolver [EndpointLinksResolver.java : 58] - Exposing 16 endpoint(s) beneath base path '/actuator'
2023-11-03 21:18:57.792 [main] INFO  s.d.s.w.PropertySourcedRequestMappingHandlerMapping [PropertySourcedRequestMappingHandlerMapping.java : 69] - Mapped URL path [/v2/api-docs] onto method [springfox.documentation.swagger2.web.Swagger2Controller#getDocumentation(String, HttpServletRequest)]
2023-11-03 21:18:57.803 [main] WARN  com.netflix.config.sources.URLConfigurationSource [URLConfigurationSource.java : 121] - No URLs will be polled as dynamic configuration sources.
2023-11-03 21:18:57.804 [main] INFO  com.netflix.config.sources.URLConfigurationSource [URLConfigurationSource.java : 122] - To enable URLs as dynamic configuration sources, define System property archaius.configurationSource.additionalUrls or make config.properties available on classpath.
2023-11-03 21:18:57.809 [main] WARN  com.netflix.config.sources.URLConfigurationSource [URLConfigurationSource.java : 121] - No URLs will be polled as dynamic configuration sources.
2023-11-03 21:18:57.810 [main] INFO  com.netflix.config.sources.URLConfigurationSource [URLConfigurationSource.java : 122] - To enable URLs as dynamic configuration sources, define System property archaius.configurationSource.additionalUrls or make config.properties available on classpath.
2023-11-03 21:18:57.904 [main] INFO  o.s.scheduling.concurrent.ThreadPoolTaskExecutor [ExecutorConfigurationSupport.java : 181] - Initializing ExecutorService 'applicationTaskExecutor'
2023-11-03 21:19:01.267 [main] INFO  org.apache.coyote.http11.Http11NioProtocol [DirectJDKLog.java : 173] - Starting ProtocolHandler ["http-nio-30219"]
2023-11-03 21:19:01.296 [main] INFO  o.s.boot.web.embedded.tomcat.TomcatWebServer [TomcatWebServer.java : 220] - Tomcat started on port(s): 30219 (http) with context path ''
2023-11-03 21:19:03.766 [main] INFO  s.d.s.web.plugins.DocumentationPluginsBootstrapper [DocumentationPluginsBootstrapper.java : 160] - Context refreshed
2023-11-03 21:19:03.792 [main] INFO  s.d.s.web.plugins.DocumentationPluginsBootstrapper [DocumentationPluginsBootstrapper.java : 163] - Found 1 custom documentation plugin(s)
2023-11-03 21:19:03.853 [main] INFO  s.d.spring.web.scanners.ApiListingReferenceScanner [ApiListingReferenceScanner.java : 41] - Scanning for api listing references
2023-11-03 21:19:04.159 [main] INFO  com.dealermanager.DealermanagerApplication [StartupInfoLogger.java : 61] - Started DealermanagerApplication in 18.408 seconds (JVM running for 21.671)
2023-11-03 21:19:04.201 [main] INFO  com.zaxxer.hikari.HikariDataSource [HikariDataSource.java : 110] - HikariPool-1 - Starting...
2023-11-03 21:19:09.323 [main] INFO  com.zaxxer.hikari.HikariDataSource [HikariDataSource.java : 123] - HikariPool-1 - Start completed.
2023-11-03 21:19:10.142 [RMI TCP Connection(3)-192.168.10.7] INFO  o.a.c.core.ContainerBase.[Tomcat].[localhost].[/] [DirectJDKLog.java : 173] - Initializing Spring DispatcherServlet 'dispatcherServlet'
2023-11-03 21:19:10.143 [RMI TCP Connection(3)-192.168.10.7] INFO  org.springframework.web.servlet.DispatcherServlet [FrameworkServlet.java : 525] - Initializing Servlet 'dispatcherServlet'
2023-11-03 21:19:10.151 [RMI TCP Connection(3)-192.168.10.7] INFO  org.springframework.web.servlet.DispatcherServlet [FrameworkServlet.java : 547] - Completed initialization in 8 ms
2023-11-03 21:20:03.812 [SpringContextShutdownHook] INFO  o.s.scheduling.concurrent.ThreadPoolTaskExecutor [ExecutorConfigurationSupport.java : 218] - Shutting down ExecutorService 'applicationTaskExecutor'
2023-11-03 21:20:03.815 [SpringContextShutdownHook] INFO  com.zaxxer.hikari.HikariDataSource [HikariDataSource.java : 350] - HikariPool-1 - Shutdown initiated...
2023-11-03 21:20:03.824 [SpringContextShutdownHook] INFO  com.zaxxer.hikari.HikariDataSource [HikariDataSource.java : 352] - HikariPool-1 - Shutdown completed.
2023-11-03 21:20:20.078 [main] INFO  com.dealermanager.DealermanagerApplication [SpringApplication.java : 655] - The following profiles are active: dev
2023-11-03 21:20:21.326 [main] INFO  o.springframework.cloud.context.scope.GenericScope [GenericScope.java : 295] - BeanFactory id=26497cc7-c9a3-32cb-bb94-938bdef9619e
2023-11-03 21:20:21.678 [main] INFO  o.s.boot.web.embedded.tomcat.TomcatWebServer [TomcatWebServer.java : 108] - Tomcat initialized with port(s): 30219 (http)
2023-11-03 21:20:21.687 [main] INFO  org.apache.coyote.http11.Http11NioProtocol [DirectJDKLog.java : 173] - Initializing ProtocolHandler ["http-nio-30219"]
2023-11-03 21:20:21.688 [main] INFO  org.apache.catalina.core.StandardService [DirectJDKLog.java : 173] - Starting service [Tomcat]
2023-11-03 21:20:21.688 [main] INFO  org.apache.catalina.core.StandardEngine [DirectJDKLog.java : 173] - Starting Servlet engine: [Apache Tomcat/9.0.41]
2023-11-03 21:20:21.994 [main] INFO  o.a.c.core.ContainerBase.[Tomcat].[localhost].[/] [DirectJDKLog.java : 173] - Initializing Spring embedded WebApplicationContext
2023-11-03 21:20:21.995 [main] INFO  o.s.b.w.s.c.ServletWebServerApplicationContext [ServletWebServerApplicationContext.java : 285] - Root WebApplicationContext: initialization completed in 1894 ms
2023-11-03 21:20:25.645 [main] INFO  o.s.b.actuate.endpoint.web.EndpointLinksResolver [EndpointLinksResolver.java : 58] - Exposing 16 endpoint(s) beneath base path '/actuator'
2023-11-03 21:20:25.735 [main] INFO  s.d.s.w.PropertySourcedRequestMappingHandlerMapping [PropertySourcedRequestMappingHandlerMapping.java : 69] - Mapped URL path [/v2/api-docs] onto method [springfox.documentation.swagger2.web.Swagger2Controller#getDocumentation(String, HttpServletRequest)]
2023-11-03 21:20:25.744 [main] WARN  com.netflix.config.sources.URLConfigurationSource [URLConfigurationSource.java : 121] - No URLs will be polled as dynamic configuration sources.
2023-11-03 21:20:25.744 [main] INFO  com.netflix.config.sources.URLConfigurationSource [URLConfigurationSource.java : 122] - To enable URLs as dynamic configuration sources, define System property archaius.configurationSource.additionalUrls or make config.properties available on classpath.
2023-11-03 21:20:25.748 [main] WARN  com.netflix.config.sources.URLConfigurationSource [URLConfigurationSource.java : 121] - No URLs will be polled as dynamic configuration sources.
2023-11-03 21:20:25.749 [main] INFO  com.netflix.config.sources.URLConfigurationSource [URLConfigurationSource.java : 122] - To enable URLs as dynamic configuration sources, define System property archaius.configurationSource.additionalUrls or make config.properties available on classpath.
2023-11-03 21:20:25.801 [main] INFO  o.s.scheduling.concurrent.ThreadPoolTaskExecutor [ExecutorConfigurationSupport.java : 181] - Initializing ExecutorService 'applicationTaskExecutor'
2023-11-03 21:20:28.473 [main] INFO  org.apache.coyote.http11.Http11NioProtocol [DirectJDKLog.java : 173] - Starting ProtocolHandler ["http-nio-30219"]
2023-11-03 21:20:28.500 [main] INFO  o.s.boot.web.embedded.tomcat.TomcatWebServer [TomcatWebServer.java : 220] - Tomcat started on port(s): 30219 (http) with context path ''
2023-11-03 21:20:31.308 [main] INFO  s.d.s.web.plugins.DocumentationPluginsBootstrapper [DocumentationPluginsBootstrapper.java : 160] - Context refreshed
2023-11-03 21:20:31.328 [main] INFO  s.d.s.web.plugins.DocumentationPluginsBootstrapper [DocumentationPluginsBootstrapper.java : 163] - Found 1 custom documentation plugin(s)
2023-11-03 21:20:31.374 [main] INFO  s.d.spring.web.scanners.ApiListingReferenceScanner [ApiListingReferenceScanner.java : 41] - Scanning for api listing references
2023-11-03 21:20:31.640 [main] INFO  com.dealermanager.DealermanagerApplication [StartupInfoLogger.java : 61] - Started DealermanagerApplication in 17.349 seconds (JVM running for 20.513)
2023-11-03 21:20:31.672 [main] INFO  com.zaxxer.hikari.HikariDataSource [HikariDataSource.java : 110] - HikariPool-1 - Starting...
2023-11-03 21:20:37.646 [main] INFO  com.zaxxer.hikari.HikariDataSource [HikariDataSource.java : 123] - HikariPool-1 - Start completed.
2023-11-03 21:20:41.318 [RMI TCP Connection(5)-192.168.10.7] INFO  o.a.c.core.ContainerBase.[Tomcat].[localhost].[/] [DirectJDKLog.java : 173] - Initializing Spring DispatcherServlet 'dispatcherServlet'
2023-11-03 21:20:41.319 [RMI TCP Connection(5)-192.168.10.7] INFO  org.springframework.web.servlet.DispatcherServlet [FrameworkServlet.java : 525] - Initializing Servlet 'dispatcherServlet'
2023-11-03 21:20:41.333 [RMI TCP Connection(5)-192.168.10.7] INFO  org.springframework.web.servlet.DispatcherServlet [FrameworkServlet.java : 547] - Completed initialization in 14 ms
2023-11-03 21:35:05.745 [http-nio-30219-exec-1] INFO  org.apache.coyote.http11.Http11Processor [DirectJDKLog.java : 175] - Error parsing HTTP request header
 Note: further occurrences of HTTP request parsing errors will be logged at DEBUG level.
java.lang.IllegalArgumentException: Invalid character found in method name [0x160x030x010x000xf30x010x000x000xef0x030x03;0xc94~0xe20xe30xb40x030xad0x110x100xcd0xf60x090x0c0xca0x97U20xf550xc00x1d0xe30x94(0xb00x06]. HTTP method names must be tokens
	at org.apache.coyote.http11.Http11InputBuffer.parseRequestLine(Http11InputBuffer.java:417)
	at org.apache.coyote.http11.Http11Processor.service(Http11Processor.java:261)
	at org.apache.coyote.AbstractProcessorLight.process(AbstractProcessorLight.java:65)
	at org.apache.coyote.AbstractProtocol$ConnectionHandler.process(AbstractProtocol.java:888)
	at org.apache.tomcat.util.net.NioEndpoint$SocketProcessor.doRun(NioEndpoint.java:1597)
	at org.apache.tomcat.util.net.SocketProcessorBase.run(SocketProcessorBase.java:49)
	at java.util.concurrent.ThreadPoolExecutor.runWorker(ThreadPoolExecutor.java:1149)
	at java.util.concurrent.ThreadPoolExecutor$Worker.run(ThreadPoolExecutor.java:624)
	at org.apache.tomcat.util.threads.TaskThread$WrappingRunnable.run(TaskThread.java:61)
	at java.lang.Thread.run(Thread.java:748)
2023-11-03 21:35:19.560 [http-nio-30219-exec-3] ERROR com.dealermanager.exception.GlobalExceptionHandler [GlobalExceptionHandler.java : 35] - /yixun/security/call:服务运行异常
java.io.FileNotFoundException: D:\A港场外期权报价内部参考1013.xlsx (系统找不到指定的文件。)
	at java.io.FileInputStream.open0(Native Method)
	at java.io.FileInputStream.open(FileInputStream.java:195)
	at java.io.FileInputStream.<init>(FileInputStream.java:138)
	at java.io.FileInputStream.<init>(FileInputStream.java:93)
	at com.dealermanager.controller.SecurityCallController.call(SecurityCallController.java:45)
	at sun.reflect.NativeMethodAccessorImpl.invoke0(Native Method)
	at sun.reflect.NativeMethodAccessorImpl.invoke(NativeMethodAccessorImpl.java:62)
	at sun.reflect.DelegatingMethodAccessorImpl.invoke(DelegatingMethodAccessorImpl.java:43)
	at java.lang.reflect.Method.invoke(Method.java:498)
	at org.springframework.web.method.support.InvocableHandlerMethod.doInvoke(InvocableHandlerMethod.java:190)
	at org.springframework.web.method.support.InvocableHandlerMethod.invokeForRequest(InvocableHandlerMethod.java:138)
	at org.springframework.web.servlet.mvc.method.annotation.ServletInvocableHandlerMethod.invokeAndHandle(ServletInvocableHandlerMethod.java:105)
	at org.springframework.web.servlet.mvc.method.annotation.RequestMappingHandlerAdapter.invokeHandlerMethod(RequestMappingHandlerAdapter.java:878)
	at org.springframework.web.servlet.mvc.method.annotation.RequestMappingHandlerAdapter.handleInternal(RequestMappingHandlerAdapter.java:792)
	at org.springframework.web.servlet.mvc.method.AbstractHandlerMethodAdapter.handle(AbstractHandlerMethodAdapter.java:87)
	at org.springframework.web.servlet.DispatcherServlet.doDispatch(DispatcherServlet.java:1040)
	at org.springframework.web.servlet.DispatcherServlet.doService(DispatcherServlet.java:943)
	at org.springframework.web.servlet.FrameworkServlet.processRequest(FrameworkServlet.java:1006)
	at org.springframework.web.servlet.FrameworkServlet.doPost(FrameworkServlet.java:909)
	at javax.servlet.http.HttpServlet.service(HttpServlet.java:652)
	at org.springframework.web.servlet.FrameworkServlet.service(FrameworkServlet.java:883)
	at javax.servlet.http.HttpServlet.service(HttpServlet.java:733)
	at org.apache.catalina.core.ApplicationFilterChain.internalDoFilter(ApplicationFilterChain.java:231)
	at org.apache.catalina.core.ApplicationFilterChain.doFilter(ApplicationFilterChain.java:166)
	at org.apache.tomcat.websocket.server.WsFilter.doFilter(WsFilter.java:53)
	at org.apache.catalina.core.ApplicationFilterChain.internalDoFilter(ApplicationFilterChain.java:193)
	at org.apache.catalina.core.ApplicationFilterChain.doFilter(ApplicationFilterChain.java:166)
	at org.springframework.web.filter.CorsFilter.doFilterInternal(CorsFilter.java:92)
	at org.springframework.web.filter.OncePerRequestFilter.doFilter(OncePerRequestFilter.java:119)
	at org.apache.catalina.core.ApplicationFilterChain.internalDoFilter(ApplicationFilterChain.java:193)
	at org.apache.catalina.core.ApplicationFilterChain.doFilter(ApplicationFilterChain.java:166)
	at org.springframework.web.filter.RequestContextFilter.doFilterInternal(RequestContextFilter.java:100)
	at org.springframework.web.filter.OncePerRequestFilter.doFilter(OncePerRequestFilter.java:119)
	at org.apache.catalina.core.ApplicationFilterChain.internalDoFilter(ApplicationFilterChain.java:193)
	at org.apache.catalina.core.ApplicationFilterChain.doFilter(ApplicationFilterChain.java:166)
	at org.springframework.web.filter.FormContentFilter.doFilterInternal(FormContentFilter.java:93)
	at org.springframework.web.filter.OncePerRequestFilter.doFilter(OncePerRequestFilter.java:119)
	at org.apache.catalina.core.ApplicationFilterChain.internalDoFilter(ApplicationFilterChain.java:193)
	at org.apache.catalina.core.ApplicationFilterChain.doFilter(ApplicationFilterChain.java:166)
	at org.springframework.boot.actuate.metrics.web.servlet.WebMvcMetricsFilter.doFilterInternal(WebMvcMetricsFilter.java:93)
	at org.springframework.web.filter.OncePerRequestFilter.doFilter(OncePerRequestFilter.java:119)
	at org.apache.catalina.core.ApplicationFilterChain.internalDoFilter(ApplicationFilterChain.java:193)
	at org.apache.catalina.core.ApplicationFilterChain.doFilter(ApplicationFilterChain.java:166)
	at org.springframework.web.filter.CharacterEncodingFilter.doFilterInternal(CharacterEncodingFilter.java:201)
	at org.springframework.web.filter.OncePerRequestFilter.doFilter(OncePerRequestFilter.java:119)
	at org.apache.catalina.core.ApplicationFilterChain.internalDoFilter(ApplicationFilterChain.java:193)
	at org.apache.catalina.core.ApplicationFilterChain.doFilter(ApplicationFilterChain.java:166)
	at org.apache.catalina.core.StandardWrapperValve.invoke(StandardWrapperValve.java:202)
	at org.apache.catalina.core.StandardContextValve.invoke(StandardContextValve.java:97)
	at org.apache.catalina.authenticator.AuthenticatorBase.invoke(AuthenticatorBase.java:542)
	at org.apache.catalina.core.StandardHostValve.invoke(StandardHostValve.java:143)
	at org.apache.catalina.valves.ErrorReportValve.invoke(ErrorReportValve.java:92)
	at org.apache.catalina.core.StandardEngineValve.invoke(StandardEngineValve.java:78)
	at org.apache.catalina.connector.CoyoteAdapter.service(CoyoteAdapter.java:343)
	at org.apache.coyote.http11.Http11Processor.service(Http11Processor.java:374)
	at org.apache.coyote.AbstractProcessorLight.process(AbstractProcessorLight.java:65)
	at org.apache.coyote.AbstractProtocol$ConnectionHandler.process(AbstractProtocol.java:888)
	at org.apache.tomcat.util.net.NioEndpoint$SocketProcessor.doRun(NioEndpoint.java:1597)
	at org.apache.tomcat.util.net.SocketProcessorBase.run(SocketProcessorBase.java:49)
	at java.util.concurrent.ThreadPoolExecutor.runWorker(ThreadPoolExecutor.java:1149)
	at java.util.concurrent.ThreadPoolExecutor$Worker.run(ThreadPoolExecutor.java:624)
	at org.apache.tomcat.util.threads.TaskThread$WrappingRunnable.run(TaskThread.java:61)
	at java.lang.Thread.run(Thread.java:748)
2023-11-03 21:38:11.782 [http-nio-30219-exec-4] INFO  c.dealermanager.controller.SecurityCallController [SecurityCallController.java : 117] - 导入完成
2023-11-03 21:38:11.791 [http-nio-30219-exec-4] ERROR com.dealermanager.exception.GlobalExceptionHandler [GlobalExceptionHandler.java : 35] - null:服务运行异常
java.lang.NullPointerException: null
	at org.springframework.web.util.UrlPathHelper.getSanitizedPath(UrlPathHelper.java:355)
	at org.springframework.web.util.UrlPathHelper.decodeAndCleanUriString(UrlPathHelper.java:495)
	at org.springframework.web.util.UrlPathHelper.getOriginatingRequestUri(UrlPathHelper.java:440)
	at org.springframework.web.servlet.mvc.method.annotation.AbstractMessageConverterMethodProcessor.addContentDispositionHeader(AbstractMessageConverterMethodProcessor.java:423)
	at org.springframework.web.servlet.mvc.method.annotation.AbstractMessageConverterMethodProcessor.writeWithMessageConverters(AbstractMessageConverterMethodProcessor.java:275)
	at org.springframework.web.servlet.mvc.method.annotation.RequestResponseBodyMethodProcessor.handleReturnValue(RequestResponseBodyMethodProcessor.java:181)
	at org.springframework.web.method.support.HandlerMethodReturnValueHandlerComposite.handleReturnValue(HandlerMethodReturnValueHandlerComposite.java:82)
	at org.springframework.web.servlet.mvc.method.annotation.ServletInvocableHandlerMethod.invokeAndHandle(ServletInvocableHandlerMethod.java:123)
	at org.springframework.web.servlet.mvc.method.annotation.RequestMappingHandlerAdapter.invokeHandlerMethod(RequestMappingHandlerAdapter.java:878)
	at org.springframework.web.servlet.mvc.method.annotation.RequestMappingHandlerAdapter.handleInternal(RequestMappingHandlerAdapter.java:792)
	at org.springframework.web.servlet.mvc.method.AbstractHandlerMethodAdapter.handle(AbstractHandlerMethodAdapter.java:87)
	at org.springframework.web.servlet.DispatcherServlet.doDispatch(DispatcherServlet.java:1040)
	at org.springframework.web.servlet.DispatcherServlet.doService(DispatcherServlet.java:943)
	at org.springframework.web.servlet.FrameworkServlet.processRequest(FrameworkServlet.java:1006)
	at org.springframework.web.servlet.FrameworkServlet.doPost(FrameworkServlet.java:909)
	at javax.servlet.http.HttpServlet.service(HttpServlet.java:652)
	at org.springframework.web.servlet.FrameworkServlet.service(FrameworkServlet.java:883)
	at javax.servlet.http.HttpServlet.service(HttpServlet.java:733)
	at org.apache.catalina.core.ApplicationFilterChain.internalDoFilter(ApplicationFilterChain.java:231)
	at org.apache.catalina.core.ApplicationFilterChain.doFilter(ApplicationFilterChain.java:166)
	at org.apache.tomcat.websocket.server.WsFilter.doFilter(WsFilter.java:53)
	at org.apache.catalina.core.ApplicationFilterChain.internalDoFilter(ApplicationFilterChain.java:193)
	at org.apache.catalina.core.ApplicationFilterChain.doFilter(ApplicationFilterChain.java:166)
	at org.springframework.web.filter.CorsFilter.doFilterInternal(CorsFilter.java:92)
	at org.springframework.web.filter.OncePerRequestFilter.doFilter(OncePerRequestFilter.java:119)
	at org.apache.catalina.core.ApplicationFilterChain.internalDoFilter(ApplicationFilterChain.java:193)
	at org.apache.catalina.core.ApplicationFilterChain.doFilter(ApplicationFilterChain.java:166)
	at org.springframework.web.filter.RequestContextFilter.doFilterInternal(RequestContextFilter.java:100)
	at org.springframework.web.filter.OncePerRequestFilter.doFilter(OncePerRequestFilter.java:119)
	at org.apache.catalina.core.ApplicationFilterChain.internalDoFilter(ApplicationFilterChain.java:193)
	at org.apache.catalina.core.ApplicationFilterChain.doFilter(ApplicationFilterChain.java:166)
	at org.springframework.web.filter.FormContentFilter.doFilterInternal(FormContentFilter.java:93)
	at org.springframework.web.filter.OncePerRequestFilter.doFilter(OncePerRequestFilter.java:119)
	at org.apache.catalina.core.ApplicationFilterChain.internalDoFilter(ApplicationFilterChain.java:193)
	at org.apache.catalina.core.ApplicationFilterChain.doFilter(ApplicationFilterChain.java:166)
	at org.springframework.boot.actuate.metrics.web.servlet.WebMvcMetricsFilter.doFilterInternal(WebMvcMetricsFilter.java:93)
	at org.springframework.web.filter.OncePerRequestFilter.doFilter(OncePerRequestFilter.java:119)
	at org.apache.catalina.core.ApplicationFilterChain.internalDoFilter(ApplicationFilterChain.java:193)
	at org.apache.catalina.core.ApplicationFilterChain.doFilter(ApplicationFilterChain.java:166)
	at org.springframework.web.filter.CharacterEncodingFilter.doFilterInternal(CharacterEncodingFilter.java:201)
	at org.springframework.web.filter.OncePerRequestFilter.doFilter(OncePerRequestFilter.java:119)
	at org.apache.catalina.core.ApplicationFilterChain.internalDoFilter(ApplicationFilterChain.java:193)
	at org.apache.catalina.core.ApplicationFilterChain.doFilter(ApplicationFilterChain.java:166)
	at org.apache.catalina.core.StandardWrapperValve.invoke(StandardWrapperValve.java:202)
	at org.apache.catalina.core.StandardContextValve.invoke(StandardContextValve.java:97)
	at org.apache.catalina.authenticator.AuthenticatorBase.invoke(AuthenticatorBase.java:542)
	at org.apache.catalina.core.StandardHostValve.invoke(StandardHostValve.java:143)
	at org.apache.catalina.valves.ErrorReportValve.invoke(ErrorReportValve.java:92)
	at org.apache.catalina.core.StandardEngineValve.invoke(StandardEngineValve.java:78)
	at org.apache.catalina.connector.CoyoteAdapter.service(CoyoteAdapter.java:343)
	at org.apache.coyote.http11.Http11Processor.service(Http11Processor.java:374)
	at org.apache.coyote.AbstractProcessorLight.process(AbstractProcessorLight.java:65)
	at org.apache.coyote.AbstractProtocol$ConnectionHandler.process(AbstractProtocol.java:888)
	at org.apache.tomcat.util.net.NioEndpoint$SocketProcessor.doRun(NioEndpoint.java:1597)
	at org.apache.tomcat.util.net.SocketProcessorBase.run(SocketProcessorBase.java:49)
	at java.util.concurrent.ThreadPoolExecutor.runWorker(ThreadPoolExecutor.java:1149)
	at java.util.concurrent.ThreadPoolExecutor$Worker.run(ThreadPoolExecutor.java:624)
	at org.apache.tomcat.util.threads.TaskThread$WrappingRunnable.run(TaskThread.java:61)
	at java.lang.Thread.run(Thread.java:748)
2023-11-03 21:38:11.792 [http-nio-30219-exec-4] WARN  o.s.w.s.m.m.a.ExceptionHandlerExceptionResolver [ExceptionHandlerExceptionResolver.java : 414] - Failure in @ExceptionHandler com.dealermanager.exception.GlobalExceptionHandler#handleSystemException(Exception, HttpServletRequest)
java.lang.NullPointerException: null
	at org.springframework.web.util.UrlPathHelper.getSanitizedPath(UrlPathHelper.java:355)
	at org.springframework.web.util.UrlPathHelper.decodeAndCleanUriString(UrlPathHelper.java:495)
	at org.springframework.web.util.UrlPathHelper.getOriginatingRequestUri(UrlPathHelper.java:440)
	at org.springframework.web.servlet.mvc.method.annotation.AbstractMessageConverterMethodProcessor.addContentDispositionHeader(AbstractMessageConverterMethodProcessor.java:423)
	at org.springframework.web.servlet.mvc.method.annotation.AbstractMessageConverterMethodProcessor.writeWithMessageConverters(AbstractMessageConverterMethodProcessor.java:275)
	at org.springframework.web.servlet.mvc.method.annotation.RequestResponseBodyMethodProcessor.handleReturnValue(RequestResponseBodyMethodProcessor.java:181)
	at org.springframework.web.method.support.HandlerMethodReturnValueHandlerComposite.handleReturnValue(HandlerMethodReturnValueHandlerComposite.java:82)
	at org.springframework.web.servlet.mvc.method.annotation.ServletInvocableHandlerMethod.invokeAndHandle(ServletInvocableHandlerMethod.java:123)
	at org.springframework.web.servlet.mvc.method.annotation.ExceptionHandlerExceptionResolver.doResolveHandlerMethodException(ExceptionHandlerExceptionResolver.java:407)
	at org.springframework.web.servlet.handler.AbstractHandlerMethodExceptionResolver.doResolveException(AbstractHandlerMethodExceptionResolver.java:61)
	at org.springframework.web.servlet.handler.AbstractHandlerExceptionResolver.resolveException(AbstractHandlerExceptionResolver.java:141)
	at org.springframework.web.servlet.handler.HandlerExceptionResolverComposite.resolveException(HandlerExceptionResolverComposite.java:80)
	at org.springframework.web.servlet.DispatcherServlet.processHandlerException(DispatcherServlet.java:1300)
	at org.springframework.web.servlet.DispatcherServlet.processDispatchResult(DispatcherServlet.java:1111)
	at org.springframework.web.servlet.DispatcherServlet.doDispatch(DispatcherServlet.java:1057)
	at org.springframework.web.servlet.DispatcherServlet.doService(DispatcherServlet.java:943)
	at org.springframework.web.servlet.FrameworkServlet.processRequest(FrameworkServlet.java:1006)
	at org.springframework.web.servlet.FrameworkServlet.doPost(FrameworkServlet.java:909)
	at javax.servlet.http.HttpServlet.service(HttpServlet.java:652)
	at org.springframework.web.servlet.FrameworkServlet.service(FrameworkServlet.java:883)
	at javax.servlet.http.HttpServlet.service(HttpServlet.java:733)
	at org.apache.catalina.core.ApplicationFilterChain.internalDoFilter(ApplicationFilterChain.java:231)
	at org.apache.catalina.core.ApplicationFilterChain.doFilter(ApplicationFilterChain.java:166)
	at org.apache.tomcat.websocket.server.WsFilter.doFilter(WsFilter.java:53)
	at org.apache.catalina.core.ApplicationFilterChain.internalDoFilter(ApplicationFilterChain.java:193)
	at org.apache.catalina.core.ApplicationFilterChain.doFilter(ApplicationFilterChain.java:166)
	at org.springframework.web.filter.CorsFilter.doFilterInternal(CorsFilter.java:92)
	at org.springframework.web.filter.OncePerRequestFilter.doFilter(OncePerRequestFilter.java:119)
	at org.apache.catalina.core.ApplicationFilterChain.internalDoFilter(ApplicationFilterChain.java:193)
	at org.apache.catalina.core.ApplicationFilterChain.doFilter(ApplicationFilterChain.java:166)
	at org.springframework.web.filter.RequestContextFilter.doFilterInternal(RequestContextFilter.java:100)
	at org.springframework.web.filter.OncePerRequestFilter.doFilter(OncePerRequestFilter.java:119)
	at org.apache.catalina.core.ApplicationFilterChain.internalDoFilter(ApplicationFilterChain.java:193)
	at org.apache.catalina.core.ApplicationFilterChain.doFilter(ApplicationFilterChain.java:166)
	at org.springframework.web.filter.FormContentFilter.doFilterInternal(FormContentFilter.java:93)
	at org.springframework.web.filter.OncePerRequestFilter.doFilter(OncePerRequestFilter.java:119)
	at org.apache.catalina.core.ApplicationFilterChain.internalDoFilter(ApplicationFilterChain.java:193)
	at org.apache.catalina.core.ApplicationFilterChain.doFilter(ApplicationFilterChain.java:166)
	at org.springframework.boot.actuate.metrics.web.servlet.WebMvcMetricsFilter.doFilterInternal(WebMvcMetricsFilter.java:93)
	at org.springframework.web.filter.OncePerRequestFilter.doFilter(OncePerRequestFilter.java:119)
	at org.apache.catalina.core.ApplicationFilterChain.internalDoFilter(ApplicationFilterChain.java:193)
	at org.apache.catalina.core.ApplicationFilterChain.doFilter(ApplicationFilterChain.java:166)
	at org.springframework.web.filter.CharacterEncodingFilter.doFilterInternal(CharacterEncodingFilter.java:201)
	at org.springframework.web.filter.OncePerRequestFilter.doFilter(OncePerRequestFilter.java:119)
	at org.apache.catalina.core.ApplicationFilterChain.internalDoFilter(ApplicationFilterChain.java:193)
	at org.apache.catalina.core.ApplicationFilterChain.doFilter(ApplicationFilterChain.java:166)
	at org.apache.catalina.core.StandardWrapperValve.invoke(StandardWrapperValve.java:202)
	at org.apache.catalina.core.StandardContextValve.invoke(StandardContextValve.java:97)
	at org.apache.catalina.authenticator.AuthenticatorBase.invoke(AuthenticatorBase.java:542)
	at org.apache.catalina.core.StandardHostValve.invoke(StandardHostValve.java:143)
	at org.apache.catalina.valves.ErrorReportValve.invoke(ErrorReportValve.java:92)
	at org.apache.catalina.core.StandardEngineValve.invoke(StandardEngineValve.java:78)
	at org.apache.catalina.connector.CoyoteAdapter.service(CoyoteAdapter.java:343)
	at org.apache.coyote.http11.Http11Processor.service(Http11Processor.java:374)
	at org.apache.coyote.AbstractProcessorLight.process(AbstractProcessorLight.java:65)
	at org.apache.coyote.AbstractProtocol$ConnectionHandler.process(AbstractProtocol.java:888)
	at org.apache.tomcat.util.net.NioEndpoint$SocketProcessor.doRun(NioEndpoint.java:1597)
	at org.apache.tomcat.util.net.SocketProcessorBase.run(SocketProcessorBase.java:49)
	at java.util.concurrent.ThreadPoolExecutor.runWorker(ThreadPoolExecutor.java:1149)
	at java.util.concurrent.ThreadPoolExecutor$Worker.run(ThreadPoolExecutor.java:624)
	at org.apache.tomcat.util.threads.TaskThread$WrappingRunnable.run(TaskThread.java:61)
	at java.lang.Thread.run(Thread.java:748)
2023-11-03 21:38:11.800 [http-nio-30219-exec-4] ERROR o.s.web.servlet.HandlerExecutionChain [HandlerExecutionChain.java : 192] - HandlerInterceptor.afterCompletion threw exception
java.lang.NullPointerException: null
	at org.springframework.boot.actuate.metrics.web.servlet.LongTaskTimingHandlerInterceptor.stopLongTaskTimers(LongTaskTimingHandlerInterceptor.java:123)
	at org.springframework.boot.actuate.metrics.web.servlet.LongTaskTimingHandlerInterceptor.afterCompletion(LongTaskTimingHandlerInterceptor.java:79)
	at org.springframework.web.servlet.HandlerExecutionChain.triggerAfterCompletion(HandlerExecutionChain.java:189)
	at org.springframework.web.servlet.DispatcherServlet.triggerAfterCompletion(DispatcherServlet.java:1427)
	at org.springframework.web.servlet.DispatcherServlet.doDispatch(DispatcherServlet.java:1060)
	at org.springframework.web.servlet.DispatcherServlet.doService(DispatcherServlet.java:943)
	at org.springframework.web.servlet.FrameworkServlet.processRequest(FrameworkServlet.java:1006)
	at org.springframework.web.servlet.FrameworkServlet.doPost(FrameworkServlet.java:909)
	at javax.servlet.http.HttpServlet.service(HttpServlet.java:652)
	at org.springframework.web.servlet.FrameworkServlet.service(FrameworkServlet.java:883)
	at javax.servlet.http.HttpServlet.service(HttpServlet.java:733)
	at org.apache.catalina.core.ApplicationFilterChain.internalDoFilter(ApplicationFilterChain.java:231)
	at org.apache.catalina.core.ApplicationFilterChain.doFilter(ApplicationFilterChain.java:166)
	at org.apache.tomcat.websocket.server.WsFilter.doFilter(WsFilter.java:53)
	at org.apache.catalina.core.ApplicationFilterChain.internalDoFilter(ApplicationFilterChain.java:193)
	at org.apache.catalina.core.ApplicationFilterChain.doFilter(ApplicationFilterChain.java:166)
	at org.springframework.web.filter.CorsFilter.doFilterInternal(CorsFilter.java:92)
	at org.springframework.web.filter.OncePerRequestFilter.doFilter(OncePerRequestFilter.java:119)
	at org.apache.catalina.core.ApplicationFilterChain.internalDoFilter(ApplicationFilterChain.java:193)
	at org.apache.catalina.core.ApplicationFilterChain.doFilter(ApplicationFilterChain.java:166)
	at org.springframework.web.filter.RequestContextFilter.doFilterInternal(RequestContextFilter.java:100)
	at org.springframework.web.filter.OncePerRequestFilter.doFilter(OncePerRequestFilter.java:119)
	at org.apache.catalina.core.ApplicationFilterChain.internalDoFilter(ApplicationFilterChain.java:193)
	at org.apache.catalina.core.ApplicationFilterChain.doFilter(ApplicationFilterChain.java:166)
	at org.springframework.web.filter.FormContentFilter.doFilterInternal(FormContentFilter.java:93)
	at org.springframework.web.filter.OncePerRequestFilter.doFilter(OncePerRequestFilter.java:119)
	at org.apache.catalina.core.ApplicationFilterChain.internalDoFilter(ApplicationFilterChain.java:193)
	at org.apache.catalina.core.ApplicationFilterChain.doFilter(ApplicationFilterChain.java:166)
	at org.springframework.boot.actuate.metrics.web.servlet.WebMvcMetricsFilter.doFilterInternal(WebMvcMetricsFilter.java:93)
	at org.springframework.web.filter.OncePerRequestFilter.doFilter(OncePerRequestFilter.java:119)
	at org.apache.catalina.core.ApplicationFilterChain.internalDoFilter(ApplicationFilterChain.java:193)
	at org.apache.catalina.core.ApplicationFilterChain.doFilter(ApplicationFilterChain.java:166)
	at org.springframework.web.filter.CharacterEncodingFilter.doFilterInternal(CharacterEncodingFilter.java:201)
	at org.springframework.web.filter.OncePerRequestFilter.doFilter(OncePerRequestFilter.java:119)
	at org.apache.catalina.core.ApplicationFilterChain.internalDoFilter(ApplicationFilterChain.java:193)
	at org.apache.catalina.core.ApplicationFilterChain.doFilter(ApplicationFilterChain.java:166)
	at org.apache.catalina.core.StandardWrapperValve.invoke(StandardWrapperValve.java:202)
	at org.apache.catalina.core.StandardContextValve.invoke(StandardContextValve.java:97)
	at org.apache.catalina.authenticator.AuthenticatorBase.invoke(AuthenticatorBase.java:542)
	at org.apache.catalina.core.StandardHostValve.invoke(StandardHostValve.java:143)
	at org.apache.catalina.valves.ErrorReportValve.invoke(ErrorReportValve.java:92)
	at org.apache.catalina.core.StandardEngineValve.invoke(StandardEngineValve.java:78)
	at org.apache.catalina.connector.CoyoteAdapter.service(CoyoteAdapter.java:343)
	at org.apache.coyote.http11.Http11Processor.service(Http11Processor.java:374)
	at org.apache.coyote.AbstractProcessorLight.process(AbstractProcessorLight.java:65)
	at org.apache.coyote.AbstractProtocol$ConnectionHandler.process(AbstractProtocol.java:888)
	at org.apache.tomcat.util.net.NioEndpoint$SocketProcessor.doRun(NioEndpoint.java:1597)
	at org.apache.tomcat.util.net.SocketProcessorBase.run(SocketProcessorBase.java:49)
	at java.util.concurrent.ThreadPoolExecutor.runWorker(ThreadPoolExecutor.java:1149)
	at java.util.concurrent.ThreadPoolExecutor$Worker.run(ThreadPoolExecutor.java:624)
	at org.apache.tomcat.util.threads.TaskThread$WrappingRunnable.run(TaskThread.java:61)
	at java.lang.Thread.run(Thread.java:748)
2023-11-03 21:38:11.814 [SpringContextShutdownHook] INFO  o.s.scheduling.concurrent.ThreadPoolTaskExecutor [ExecutorConfigurationSupport.java : 218] - Shutting down ExecutorService 'applicationTaskExecutor'
2023-11-03 21:38:11.820 [SpringContextShutdownHook] INFO  com.zaxxer.hikari.HikariDataSource [HikariDataSource.java : 350] - HikariPool-1 - Shutdown initiated...
2023-11-03 21:38:11.830 [SpringContextShutdownHook] INFO  com.zaxxer.hikari.HikariDataSource [HikariDataSource.java : 352] - HikariPool-1 - Shutdown completed.
2023-11-03 21:38:54.881 [main] INFO  com.dealermanager.DealermanagerApplication [SpringApplication.java : 655] - The following profiles are active: dev
2023-11-03 21:38:56.170 [main] INFO  o.springframework.cloud.context.scope.GenericScope [GenericScope.java : 295] - BeanFactory id=26497cc7-c9a3-32cb-bb94-938bdef9619e
2023-11-03 21:38:56.544 [main] INFO  o.s.boot.web.embedded.tomcat.TomcatWebServer [TomcatWebServer.java : 108] - Tomcat initialized with port(s): 30219 (http)
2023-11-03 21:38:56.554 [main] INFO  org.apache.coyote.http11.Http11NioProtocol [DirectJDKLog.java : 173] - Initializing ProtocolHandler ["http-nio-30219"]
2023-11-03 21:38:56.554 [main] INFO  org.apache.catalina.core.StandardService [DirectJDKLog.java : 173] - Starting service [Tomcat]
2023-11-03 21:38:56.555 [main] INFO  org.apache.catalina.core.StandardEngine [DirectJDKLog.java : 173] - Starting Servlet engine: [Apache Tomcat/9.0.41]
2023-11-03 21:38:56.881 [main] INFO  o.a.c.core.ContainerBase.[Tomcat].[localhost].[/] [DirectJDKLog.java : 173] - Initializing Spring embedded WebApplicationContext
2023-11-03 21:38:56.881 [main] INFO  o.s.b.w.s.c.ServletWebServerApplicationContext [ServletWebServerApplicationContext.java : 285] - Root WebApplicationContext: initialization completed in 1977 ms
2023-11-03 21:39:00.436 [main] INFO  o.s.b.actuate.endpoint.web.EndpointLinksResolver [EndpointLinksResolver.java : 58] - Exposing 16 endpoint(s) beneath base path '/actuator'
2023-11-03 21:39:00.519 [main] INFO  s.d.s.w.PropertySourcedRequestMappingHandlerMapping [PropertySourcedRequestMappingHandlerMapping.java : 69] - Mapped URL path [/v2/api-docs] onto method [springfox.documentation.swagger2.web.Swagger2Controller#getDocumentation(String, HttpServletRequest)]
2023-11-03 21:39:00.528 [main] WARN  com.netflix.config.sources.URLConfigurationSource [URLConfigurationSource.java : 121] - No URLs will be polled as dynamic configuration sources.
2023-11-03 21:39:00.528 [main] INFO  com.netflix.config.sources.URLConfigurationSource [URLConfigurationSource.java : 122] - To enable URLs as dynamic configuration sources, define System property archaius.configurationSource.additionalUrls or make config.properties available on classpath.
2023-11-03 21:39:00.532 [main] WARN  com.netflix.config.sources.URLConfigurationSource [URLConfigurationSource.java : 121] - No URLs will be polled as dynamic configuration sources.
2023-11-03 21:39:00.532 [main] INFO  com.netflix.config.sources.URLConfigurationSource [URLConfigurationSource.java : 122] - To enable URLs as dynamic configuration sources, define System property archaius.configurationSource.additionalUrls or make config.properties available on classpath.
2023-11-03 21:39:00.583 [main] INFO  o.s.scheduling.concurrent.ThreadPoolTaskExecutor [ExecutorConfigurationSupport.java : 181] - Initializing ExecutorService 'applicationTaskExecutor'
2023-11-03 21:39:03.245 [main] INFO  org.apache.coyote.http11.Http11NioProtocol [DirectJDKLog.java : 173] - Starting ProtocolHandler ["http-nio-30219"]
2023-11-03 21:39:03.276 [main] INFO  o.s.boot.web.embedded.tomcat.TomcatWebServer [TomcatWebServer.java : 220] - Tomcat started on port(s): 30219 (http) with context path ''
2023-11-03 21:39:05.678 [main] INFO  s.d.s.web.plugins.DocumentationPluginsBootstrapper [DocumentationPluginsBootstrapper.java : 160] - Context refreshed
2023-11-03 21:39:05.703 [main] INFO  s.d.s.web.plugins.DocumentationPluginsBootstrapper [DocumentationPluginsBootstrapper.java : 163] - Found 1 custom documentation plugin(s)
2023-11-03 21:39:05.752 [main] INFO  s.d.spring.web.scanners.ApiListingReferenceScanner [ApiListingReferenceScanner.java : 41] - Scanning for api listing references
2023-11-03 21:39:05.988 [main] INFO  com.dealermanager.DealermanagerApplication [StartupInfoLogger.java : 61] - Started DealermanagerApplication in 16.92 seconds (JVM running for 19.886)
2023-11-03 21:39:06.019 [main] INFO  com.zaxxer.hikari.HikariDataSource [HikariDataSource.java : 110] - HikariPool-1 - Starting...
2023-11-03 21:39:13.382 [main] INFO  com.zaxxer.hikari.HikariDataSource [HikariDataSource.java : 123] - HikariPool-1 - Start completed.
2023-11-03 21:39:15.635 [RMI TCP Connection(4)-192.168.10.7] INFO  o.a.c.core.ContainerBase.[Tomcat].[localhost].[/] [DirectJDKLog.java : 173] - Initializing Spring DispatcherServlet 'dispatcherServlet'
2023-11-03 21:39:15.635 [RMI TCP Connection(4)-192.168.10.7] INFO  org.springframework.web.servlet.DispatcherServlet [FrameworkServlet.java : 525] - Initializing Servlet 'dispatcherServlet'
2023-11-03 21:39:15.642 [RMI TCP Connection(4)-192.168.10.7] INFO  org.springframework.web.servlet.DispatcherServlet [FrameworkServlet.java : 547] - Completed initialization in 6 ms
2023-11-03 21:41:14.443 [http-nio-30219-exec-1] INFO  c.dealermanager.controller.SecurityCallController [SecurityCallController.java : 117] - 导入完成
2023-11-03 22:21:47.472 [SpringContextShutdownHook] INFO  o.s.scheduling.concurrent.ThreadPoolTaskExecutor [ExecutorConfigurationSupport.java : 218] - Shutting down ExecutorService 'applicationTaskExecutor'
2023-11-03 22:21:47.483 [SpringContextShutdownHook] INFO  com.zaxxer.hikari.HikariDataSource [HikariDataSource.java : 350] - HikariPool-1 - Shutdown initiated...
2023-11-03 22:21:47.495 [SpringContextShutdownHook] INFO  com.zaxxer.hikari.HikariDataSource [HikariDataSource.java : 352] - HikariPool-1 - Shutdown completed.
2023-11-03 22:22:05.381 [main] INFO  com.dealermanager.DealermanagerApplication [SpringApplication.java : 655] - The following profiles are active: dev
2023-11-03 22:22:06.662 [main] INFO  o.springframework.cloud.context.scope.GenericScope [GenericScope.java : 295] - BeanFactory id=26497cc7-c9a3-32cb-bb94-938bdef9619e
2023-11-03 22:22:07.051 [main] INFO  o.s.boot.web.embedded.tomcat.TomcatWebServer [TomcatWebServer.java : 108] - Tomcat initialized with port(s): 30219 (http)
2023-11-03 22:22:07.061 [main] INFO  org.apache.coyote.http11.Http11NioProtocol [DirectJDKLog.java : 173] - Initializing ProtocolHandler ["http-nio-30219"]
2023-11-03 22:22:07.061 [main] INFO  org.apache.catalina.core.StandardService [DirectJDKLog.java : 173] - Starting service [Tomcat]
2023-11-03 22:22:07.061 [main] INFO  org.apache.catalina.core.StandardEngine [DirectJDKLog.java : 173] - Starting Servlet engine: [Apache Tomcat/9.0.41]
2023-11-03 22:22:07.372 [main] INFO  o.a.c.core.ContainerBase.[Tomcat].[localhost].[/] [DirectJDKLog.java : 173] - Initializing Spring embedded WebApplicationContext
2023-11-03 22:22:07.372 [main] INFO  o.s.b.w.s.c.ServletWebServerApplicationContext [ServletWebServerApplicationContext.java : 285] - Root WebApplicationContext: initialization completed in 1968 ms
2023-11-03 22:22:10.984 [main] INFO  o.s.b.actuate.endpoint.web.EndpointLinksResolver [EndpointLinksResolver.java : 58] - Exposing 16 endpoint(s) beneath base path '/actuator'
2023-11-03 22:22:11.068 [main] INFO  s.d.s.w.PropertySourcedRequestMappingHandlerMapping [PropertySourcedRequestMappingHandlerMapping.java : 69] - Mapped URL path [/v2/api-docs] onto method [springfox.documentation.swagger2.web.Swagger2Controller#getDocumentation(String, HttpServletRequest)]
2023-11-03 22:22:11.077 [main] WARN  com.netflix.config.sources.URLConfigurationSource [URLConfigurationSource.java : 121] - No URLs will be polled as dynamic configuration sources.
2023-11-03 22:22:11.078 [main] INFO  com.netflix.config.sources.URLConfigurationSource [URLConfigurationSource.java : 122] - To enable URLs as dynamic configuration sources, define System property archaius.configurationSource.additionalUrls or make config.properties available on classpath.
2023-11-03 22:22:11.082 [main] WARN  com.netflix.config.sources.URLConfigurationSource [URLConfigurationSource.java : 121] - No URLs will be polled as dynamic configuration sources.
2023-11-03 22:22:11.082 [main] INFO  com.netflix.config.sources.URLConfigurationSource [URLConfigurationSource.java : 122] - To enable URLs as dynamic configuration sources, define System property archaius.configurationSource.additionalUrls or make config.properties available on classpath.
2023-11-03 22:22:11.134 [main] INFO  o.s.scheduling.concurrent.ThreadPoolTaskExecutor [ExecutorConfigurationSupport.java : 181] - Initializing ExecutorService 'applicationTaskExecutor'
2023-11-03 22:22:13.791 [main] INFO  org.apache.coyote.http11.Http11NioProtocol [DirectJDKLog.java : 173] - Starting ProtocolHandler ["http-nio-30219"]
2023-11-03 22:22:13.820 [main] INFO  o.s.boot.web.embedded.tomcat.TomcatWebServer [TomcatWebServer.java : 220] - Tomcat started on port(s): 30219 (http) with context path ''
2023-11-03 22:22:16.199 [main] INFO  s.d.s.web.plugins.DocumentationPluginsBootstrapper [DocumentationPluginsBootstrapper.java : 160] - Context refreshed
2023-11-03 22:22:16.224 [main] INFO  s.d.s.web.plugins.DocumentationPluginsBootstrapper [DocumentationPluginsBootstrapper.java : 163] - Found 1 custom documentation plugin(s)
2023-11-03 22:22:16.272 [main] INFO  s.d.spring.web.scanners.ApiListingReferenceScanner [ApiListingReferenceScanner.java : 41] - Scanning for api listing references
2023-11-03 22:22:16.518 [main] INFO  com.dealermanager.DealermanagerApplication [StartupInfoLogger.java : 61] - Started DealermanagerApplication in 17.209 seconds (JVM running for 20.384)
2023-11-03 22:22:16.555 [main] INFO  com.zaxxer.hikari.HikariDataSource [HikariDataSource.java : 110] - HikariPool-1 - Starting...
2023-11-03 22:22:21.119 [main] INFO  com.zaxxer.hikari.HikariDataSource [HikariDataSource.java : 123] - HikariPool-1 - Start completed.
2023-11-03 22:22:23.360 [RMI TCP Connection(1)-192.168.10.7] INFO  o.a.c.core.ContainerBase.[Tomcat].[localhost].[/] [DirectJDKLog.java : 173] - Initializing Spring DispatcherServlet 'dispatcherServlet'
2023-11-03 22:22:23.361 [RMI TCP Connection(1)-192.168.10.7] INFO  org.springframework.web.servlet.DispatcherServlet [FrameworkServlet.java : 525] - Initializing Servlet 'dispatcherServlet'
2023-11-03 22:22:23.368 [RMI TCP Connection(1)-192.168.10.7] INFO  org.springframework.web.servlet.DispatcherServlet [FrameworkServlet.java : 547] - Completed initialization in 7 ms
2023-11-03 22:35:57.758 [http-nio-30219-exec-1] ERROR com.dealermanager.exception.GlobalExceptionHandler [GlobalExceptionHandler.java : 35] - /yixun/security/call:服务运行异常
java.lang.NumberFormatException: empty String
	at sun.misc.FloatingDecimal.readJavaFormatString(FloatingDecimal.java:1842)
	at sun.misc.FloatingDecimal.parseDouble(FloatingDecimal.java:110)
	at java.lang.Double.parseDouble(Double.java:538)
	at java.lang.Double.valueOf(Double.java:502)
	at com.dealermanager.controller.SecurityCallController.call(SecurityCallController.java:90)
	at sun.reflect.NativeMethodAccessorImpl.invoke0(Native Method)
	at sun.reflect.NativeMethodAccessorImpl.invoke(NativeMethodAccessorImpl.java:62)
	at sun.reflect.DelegatingMethodAccessorImpl.invoke(DelegatingMethodAccessorImpl.java:43)
	at java.lang.reflect.Method.invoke(Method.java:498)
	at org.springframework.web.method.support.InvocableHandlerMethod.doInvoke(InvocableHandlerMethod.java:190)
	at org.springframework.web.method.support.InvocableHandlerMethod.invokeForRequest(InvocableHandlerMethod.java:138)
	at org.springframework.web.servlet.mvc.method.annotation.ServletInvocableHandlerMethod.invokeAndHandle(ServletInvocableHandlerMethod.java:105)
	at org.springframework.web.servlet.mvc.method.annotation.RequestMappingHandlerAdapter.invokeHandlerMethod(RequestMappingHandlerAdapter.java:878)
	at org.springframework.web.servlet.mvc.method.annotation.RequestMappingHandlerAdapter.handleInternal(RequestMappingHandlerAdapter.java:792)
	at org.springframework.web.servlet.mvc.method.AbstractHandlerMethodAdapter.handle(AbstractHandlerMethodAdapter.java:87)
	at org.springframework.web.servlet.DispatcherServlet.doDispatch(DispatcherServlet.java:1040)
	at org.springframework.web.servlet.DispatcherServlet.doService(DispatcherServlet.java:943)
	at org.springframework.web.servlet.FrameworkServlet.processRequest(FrameworkServlet.java:1006)
	at org.springframework.web.servlet.FrameworkServlet.doPost(FrameworkServlet.java:909)
	at javax.servlet.http.HttpServlet.service(HttpServlet.java:652)
	at org.springframework.web.servlet.FrameworkServlet.service(FrameworkServlet.java:883)
	at javax.servlet.http.HttpServlet.service(HttpServlet.java:733)
	at org.apache.catalina.core.ApplicationFilterChain.internalDoFilter(ApplicationFilterChain.java:231)
	at org.apache.catalina.core.ApplicationFilterChain.doFilter(ApplicationFilterChain.java:166)
	at org.apache.tomcat.websocket.server.WsFilter.doFilter(WsFilter.java:53)
	at org.apache.catalina.core.ApplicationFilterChain.internalDoFilter(ApplicationFilterChain.java:193)
	at org.apache.catalina.core.ApplicationFilterChain.doFilter(ApplicationFilterChain.java:166)
	at org.springframework.web.filter.CorsFilter.doFilterInternal(CorsFilter.java:92)
	at org.springframework.web.filter.OncePerRequestFilter.doFilter(OncePerRequestFilter.java:119)
	at org.apache.catalina.core.ApplicationFilterChain.internalDoFilter(ApplicationFilterChain.java:193)
	at org.apache.catalina.core.ApplicationFilterChain.doFilter(ApplicationFilterChain.java:166)
	at org.springframework.web.filter.RequestContextFilter.doFilterInternal(RequestContextFilter.java:100)
	at org.springframework.web.filter.OncePerRequestFilter.doFilter(OncePerRequestFilter.java:119)
	at org.apache.catalina.core.ApplicationFilterChain.internalDoFilter(ApplicationFilterChain.java:193)
	at org.apache.catalina.core.ApplicationFilterChain.doFilter(ApplicationFilterChain.java:166)
	at org.springframework.web.filter.FormContentFilter.doFilterInternal(FormContentFilter.java:93)
	at org.springframework.web.filter.OncePerRequestFilter.doFilter(OncePerRequestFilter.java:119)
	at org.apache.catalina.core.ApplicationFilterChain.internalDoFilter(ApplicationFilterChain.java:193)
	at org.apache.catalina.core.ApplicationFilterChain.doFilter(ApplicationFilterChain.java:166)
	at org.springframework.boot.actuate.metrics.web.servlet.WebMvcMetricsFilter.doFilterInternal(WebMvcMetricsFilter.java:93)
	at org.springframework.web.filter.OncePerRequestFilter.doFilter(OncePerRequestFilter.java:119)
	at org.apache.catalina.core.ApplicationFilterChain.internalDoFilter(ApplicationFilterChain.java:193)
	at org.apache.catalina.core.ApplicationFilterChain.doFilter(ApplicationFilterChain.java:166)
	at org.springframework.web.filter.CharacterEncodingFilter.doFilterInternal(CharacterEncodingFilter.java:201)
	at org.springframework.web.filter.OncePerRequestFilter.doFilter(OncePerRequestFilter.java:119)
	at org.apache.catalina.core.ApplicationFilterChain.internalDoFilter(ApplicationFilterChain.java:193)
	at org.apache.catalina.core.ApplicationFilterChain.doFilter(ApplicationFilterChain.java:166)
	at org.apache.catalina.core.StandardWrapperValve.invoke(StandardWrapperValve.java:202)
	at org.apache.catalina.core.StandardContextValve.invoke(StandardContextValve.java:97)
	at org.apache.catalina.authenticator.AuthenticatorBase.invoke(AuthenticatorBase.java:542)
	at org.apache.catalina.core.StandardHostValve.invoke(StandardHostValve.java:143)
	at org.apache.catalina.valves.ErrorReportValve.invoke(ErrorReportValve.java:92)
	at org.apache.catalina.core.StandardEngineValve.invoke(StandardEngineValve.java:78)
	at org.apache.catalina.connector.CoyoteAdapter.service(CoyoteAdapter.java:343)
	at org.apache.coyote.http11.Http11Processor.service(Http11Processor.java:374)
	at org.apache.coyote.AbstractProcessorLight.process(AbstractProcessorLight.java:65)
	at org.apache.coyote.AbstractProtocol$ConnectionHandler.process(AbstractProtocol.java:888)
	at org.apache.tomcat.util.net.NioEndpoint$SocketProcessor.doRun(NioEndpoint.java:1597)
	at org.apache.tomcat.util.net.SocketProcessorBase.run(SocketProcessorBase.java:49)
	at java.util.concurrent.ThreadPoolExecutor.runWorker(ThreadPoolExecutor.java:1149)
	at java.util.concurrent.ThreadPoolExecutor$Worker.run(ThreadPoolExecutor.java:624)
	at org.apache.tomcat.util.threads.TaskThread$WrappingRunnable.run(TaskThread.java:61)
	at java.lang.Thread.run(Thread.java:748)
2023-11-03 22:44:10.498 [SpringContextShutdownHook] INFO  o.s.scheduling.concurrent.ThreadPoolTaskExecutor [ExecutorConfigurationSupport.java : 218] - Shutting down ExecutorService 'applicationTaskExecutor'
2023-11-03 22:44:10.502 [SpringContextShutdownHook] INFO  com.zaxxer.hikari.HikariDataSource [HikariDataSource.java : 350] - HikariPool-1 - Shutdown initiated...
2023-11-03 22:44:10.510 [SpringContextShutdownHook] INFO  com.zaxxer.hikari.HikariDataSource [HikariDataSource.java : 352] - HikariPool-1 - Shutdown completed.
2023-11-03 22:44:26.997 [main] INFO  com.dealermanager.DealermanagerApplication [SpringApplication.java : 655] - The following profiles are active: dev
2023-11-03 22:44:28.275 [main] INFO  o.springframework.cloud.context.scope.GenericScope [GenericScope.java : 295] - BeanFactory id=26497cc7-c9a3-32cb-bb94-938bdef9619e
2023-11-03 22:44:28.649 [main] INFO  o.s.boot.web.embedded.tomcat.TomcatWebServer [TomcatWebServer.java : 108] - Tomcat initialized with port(s): 30219 (http)
2023-11-03 22:44:28.659 [main] INFO  org.apache.coyote.http11.Http11NioProtocol [DirectJDKLog.java : 173] - Initializing ProtocolHandler ["http-nio-30219"]
2023-11-03 22:44:28.660 [main] INFO  org.apache.catalina.core.StandardService [DirectJDKLog.java : 173] - Starting service [Tomcat]
2023-11-03 22:44:28.660 [main] INFO  org.apache.catalina.core.StandardEngine [DirectJDKLog.java : 173] - Starting Servlet engine: [Apache Tomcat/9.0.41]
2023-11-03 22:44:28.987 [main] INFO  o.a.c.core.ContainerBase.[Tomcat].[localhost].[/] [DirectJDKLog.java : 173] - Initializing Spring embedded WebApplicationContext
2023-11-03 22:44:28.987 [main] INFO  o.s.b.w.s.c.ServletWebServerApplicationContext [ServletWebServerApplicationContext.java : 285] - Root WebApplicationContext: initialization completed in 1965 ms
2023-11-03 22:44:32.539 [main] INFO  o.s.b.actuate.endpoint.web.EndpointLinksResolver [EndpointLinksResolver.java : 58] - Exposing 16 endpoint(s) beneath base path '/actuator'
2023-11-03 22:44:32.627 [main] INFO  s.d.s.w.PropertySourcedRequestMappingHandlerMapping [PropertySourcedRequestMappingHandlerMapping.java : 69] - Mapped URL path [/v2/api-docs] onto method [springfox.documentation.swagger2.web.Swagger2Controller#getDocumentation(String, HttpServletRequest)]
2023-11-03 22:44:32.636 [main] WARN  com.netflix.config.sources.URLConfigurationSource [URLConfigurationSource.java : 121] - No URLs will be polled as dynamic configuration sources.
2023-11-03 22:44:32.636 [main] INFO  com.netflix.config.sources.URLConfigurationSource [URLConfigurationSource.java : 122] - To enable URLs as dynamic configuration sources, define System property archaius.configurationSource.additionalUrls or make config.properties available on classpath.
2023-11-03 22:44:32.640 [main] WARN  com.netflix.config.sources.URLConfigurationSource [URLConfigurationSource.java : 121] - No URLs will be polled as dynamic configuration sources.
2023-11-03 22:44:32.640 [main] INFO  com.netflix.config.sources.URLConfigurationSource [URLConfigurationSource.java : 122] - To enable URLs as dynamic configuration sources, define System property archaius.configurationSource.additionalUrls or make config.properties available on classpath.
2023-11-03 22:44:32.701 [main] INFO  o.s.scheduling.concurrent.ThreadPoolTaskExecutor [ExecutorConfigurationSupport.java : 181] - Initializing ExecutorService 'applicationTaskExecutor'
2023-11-03 22:44:35.408 [main] INFO  org.apache.coyote.http11.Http11NioProtocol [DirectJDKLog.java : 173] - Starting ProtocolHandler ["http-nio-30219"]
2023-11-03 22:44:35.436 [main] INFO  o.s.boot.web.embedded.tomcat.TomcatWebServer [TomcatWebServer.java : 220] - Tomcat started on port(s): 30219 (http) with context path ''
2023-11-03 22:44:37.723 [main] INFO  s.d.s.web.plugins.DocumentationPluginsBootstrapper [DocumentationPluginsBootstrapper.java : 160] - Context refreshed
2023-11-03 22:44:37.746 [main] INFO  s.d.s.web.plugins.DocumentationPluginsBootstrapper [DocumentationPluginsBootstrapper.java : 163] - Found 1 custom documentation plugin(s)
2023-11-03 22:44:37.794 [main] INFO  s.d.spring.web.scanners.ApiListingReferenceScanner [ApiListingReferenceScanner.java : 41] - Scanning for api listing references
2023-11-03 22:44:38.043 [main] INFO  com.dealermanager.DealermanagerApplication [StartupInfoLogger.java : 61] - Started DealermanagerApplication in 16.798 seconds (JVM running for 19.821)
2023-11-03 22:44:38.075 [main] INFO  com.zaxxer.hikari.HikariDataSource [HikariDataSource.java : 110] - HikariPool-1 - Starting...
2023-11-03 22:44:43.987 [main] INFO  com.zaxxer.hikari.HikariDataSource [HikariDataSource.java : 123] - HikariPool-1 - Start completed.
2023-11-03 22:44:45.496 [RMI TCP Connection(1)-192.168.10.7] INFO  o.a.c.core.ContainerBase.[Tomcat].[localhost].[/] [DirectJDKLog.java : 173] - Initializing Spring DispatcherServlet 'dispatcherServlet'
2023-11-03 22:44:45.497 [RMI TCP Connection(1)-192.168.10.7] INFO  org.springframework.web.servlet.DispatcherServlet [FrameworkServlet.java : 525] - Initializing Servlet 'dispatcherServlet'
2023-11-03 22:44:45.506 [RMI TCP Connection(1)-192.168.10.7] INFO  org.springframework.web.servlet.DispatcherServlet [FrameworkServlet.java : 547] - Completed initialization in 8 ms
2023-11-03 22:48:36.057 [http-nio-30219-exec-1] INFO  c.dealermanager.controller.SecurityCallController [SecurityCallController.java : 121] - 导入完成
2023-11-03 23:08:02.578 [http-nio-30219-exec-2] INFO  c.dealermanager.controller.SecurityCallController [SecurityCallController.java : 121] - 导入完成
2023-11-03 23:27:24.523 [SpringContextShutdownHook] INFO  o.s.scheduling.concurrent.ThreadPoolTaskExecutor [ExecutorConfigurationSupport.java : 218] - Shutting down ExecutorService 'applicationTaskExecutor'
2023-11-03 23:27:24.527 [SpringContextShutdownHook] INFO  com.zaxxer.hikari.HikariDataSource [HikariDataSource.java : 350] - HikariPool-1 - Shutdown initiated...
2023-11-03 23:27:24.536 [SpringContextShutdownHook] INFO  com.zaxxer.hikari.HikariDataSource [HikariDataSource.java : 352] - HikariPool-1 - Shutdown completed.
2023-11-03 23:30:30.612 [main] INFO  com.dealermanager.DealermanagerApplication [SpringApplication.java : 655] - The following profiles are active: dev
2023-11-03 23:30:32.046 [main] INFO  o.springframework.cloud.context.scope.GenericScope [GenericScope.java : 295] - BeanFactory id=26497cc7-c9a3-32cb-bb94-938bdef9619e
2023-11-03 23:30:32.459 [main] INFO  o.s.boot.web.embedded.tomcat.TomcatWebServer [TomcatWebServer.java : 108] - Tomcat initialized with port(s): 30219 (http)
2023-11-03 23:30:32.470 [main] INFO  org.apache.coyote.http11.Http11NioProtocol [DirectJDKLog.java : 173] - Initializing ProtocolHandler ["http-nio-30219"]
2023-11-03 23:30:32.471 [main] INFO  org.apache.catalina.core.StandardService [DirectJDKLog.java : 173] - Starting service [Tomcat]
2023-11-03 23:30:32.471 [main] INFO  org.apache.catalina.core.StandardEngine [DirectJDKLog.java : 173] - Starting Servlet engine: [Apache Tomcat/9.0.41]
2023-11-03 23:30:32.830 [main] INFO  o.a.c.core.ContainerBase.[Tomcat].[localhost].[/] [DirectJDKLog.java : 173] - Initializing Spring embedded WebApplicationContext
2023-11-03 23:30:32.831 [main] INFO  o.s.b.w.s.c.ServletWebServerApplicationContext [ServletWebServerApplicationContext.java : 285] - Root WebApplicationContext: initialization completed in 2194 ms
2023-11-03 23:30:36.679 [main] INFO  o.s.b.actuate.endpoint.web.EndpointLinksResolver [EndpointLinksResolver.java : 58] - Exposing 16 endpoint(s) beneath base path '/actuator'
2023-11-03 23:30:36.766 [main] INFO  s.d.s.w.PropertySourcedRequestMappingHandlerMapping [PropertySourcedRequestMappingHandlerMapping.java : 69] - Mapped URL path [/v2/api-docs] onto method [springfox.documentation.swagger2.web.Swagger2Controller#getDocumentation(String, HttpServletRequest)]
2023-11-03 23:30:36.776 [main] WARN  com.netflix.config.sources.URLConfigurationSource [URLConfigurationSource.java : 121] - No URLs will be polled as dynamic configuration sources.
2023-11-03 23:30:36.777 [main] INFO  com.netflix.config.sources.URLConfigurationSource [URLConfigurationSource.java : 122] - To enable URLs as dynamic configuration sources, define System property archaius.configurationSource.additionalUrls or make config.properties available on classpath.
2023-11-03 23:30:36.781 [main] WARN  com.netflix.config.sources.URLConfigurationSource [URLConfigurationSource.java : 121] - No URLs will be polled as dynamic configuration sources.
2023-11-03 23:30:36.781 [main] INFO  com.netflix.config.sources.URLConfigurationSource [URLConfigurationSource.java : 122] - To enable URLs as dynamic configuration sources, define System property archaius.configurationSource.additionalUrls or make config.properties available on classpath.
2023-11-03 23:30:36.839 [main] INFO  o.s.scheduling.concurrent.ThreadPoolTaskExecutor [ExecutorConfigurationSupport.java : 181] - Initializing ExecutorService 'applicationTaskExecutor'
2023-11-03 23:30:39.685 [main] INFO  org.apache.coyote.http11.Http11NioProtocol [DirectJDKLog.java : 173] - Starting ProtocolHandler ["http-nio-30219"]
2023-11-03 23:30:39.713 [main] INFO  o.s.boot.web.embedded.tomcat.TomcatWebServer [TomcatWebServer.java : 220] - Tomcat started on port(s): 30219 (http) with context path ''
2023-11-03 23:30:42.097 [main] INFO  s.d.s.web.plugins.DocumentationPluginsBootstrapper [DocumentationPluginsBootstrapper.java : 160] - Context refreshed
2023-11-03 23:30:42.121 [main] INFO  s.d.s.web.plugins.DocumentationPluginsBootstrapper [DocumentationPluginsBootstrapper.java : 163] - Found 1 custom documentation plugin(s)
2023-11-03 23:30:42.170 [main] INFO  s.d.spring.web.scanners.ApiListingReferenceScanner [ApiListingReferenceScanner.java : 41] - Scanning for api listing references
2023-11-03 23:30:42.422 [main] INFO  com.dealermanager.DealermanagerApplication [StartupInfoLogger.java : 61] - Started DealermanagerApplication in 18.484 seconds (JVM running for 21.578)
2023-11-03 23:30:47.047 [main] INFO  com.zaxxer.hikari.HikariDataSource [HikariDataSource.java : 110] - HikariPool-1 - Starting...
2023-11-03 23:30:53.001 [main] INFO  com.zaxxer.hikari.HikariDataSource [HikariDataSource.java : 123] - HikariPool-1 - Start completed.
2023-11-03 23:30:55.005 [RMI TCP Connection(6)-192.168.10.7] INFO  o.a.c.core.ContainerBase.[Tomcat].[localhost].[/] [DirectJDKLog.java : 173] - Initializing Spring DispatcherServlet 'dispatcherServlet'
2023-11-03 23:30:55.006 [RMI TCP Connection(6)-192.168.10.7] INFO  org.springframework.web.servlet.DispatcherServlet [FrameworkServlet.java : 525] - Initializing Servlet 'dispatcherServlet'
2023-11-03 23:30:55.013 [RMI TCP Connection(6)-192.168.10.7] INFO  org.springframework.web.servlet.DispatcherServlet [FrameworkServlet.java : 547] - Completed initialization in 7 ms
2023-11-03 23:32:39.792 [HikariPool-1 housekeeper] WARN  com.zaxxer.hikari.pool.HikariPool [HikariPool.java : 787] - HikariPool-1 - Thread starvation or clock leap detected (housekeeper delta=46s662ms350µs100ns).
2023-11-03 23:36:35.492 [http-nio-30219-exec-5] INFO  c.dealermanager.controller.SecurityCallController [SecurityCallController.java : 131] - 导入完成
