2023-05-08 10:49:03.055 [main] INFO  c.a.b.nacos.config.util.NacosConfigPropertiesUtils [NacosConfigPropertiesUtils.java : 47] - nacosConfigProperties : NacosConfigProperties{serverAddr='127.0.0.1:8848', contextPath='null', encode='null', endpoint='null', namespace='null', accessKey='null', secretKey='null', ramRoleName='null', autoRefresh=false, dataId='null', dataIds='null', group='DEFAULT_GROUP', type=null, maxRetry='null', configLongPollTimeout='null', configRetryTime='null', enableRemoteSyncConfig=false, extConfig=[], bootstrap=Bootstrap{enable=false, logEnable=false}}
2023-05-08 10:49:03.065 [main] INFO  c.a.b.n.c.a.NacosConfigApplicationContextInitializer [NacosConfigApplicationContextInitializer.java : 75] - [Nacos Config Boot] : The preload configuration is not enabled
2023-05-08 10:49:03.065 [main] INFO  com.dealermanager.DealermanagerApplication [SpringApplication.java : 655] - The following profiles are active: dev
2023-05-08 10:49:05.131 [main] WARN  org.mybatis.spring.mapper.ClassPathMapperScanner [Logger.java : 44] - No MyBatis mapper was found in '[com.nffund.dealermanager.mapper_dealer]' package. Please check your configuration.
2023-05-08 10:49:05.263 [main] INFO  o.springframework.cloud.context.scope.GenericScope [GenericScope.java : 295] - BeanFactory id=81b8bc53-e145-3205-9df8-412ba3cd4dd1
2023-05-08 10:49:06.080 [main] INFO  o.s.boot.web.embedded.tomcat.TomcatWebServer [TomcatWebServer.java : 108] - Tomcat initialized with port(s): 20516 (http)
2023-05-08 10:49:06.090 [main] INFO  org.apache.coyote.http11.Http11NioProtocol [DirectJDKLog.java : 173] - Initializing ProtocolHandler ["http-nio-20516"]
2023-05-08 10:49:06.100 [main] INFO  org.apache.catalina.core.StandardService [DirectJDKLog.java : 173] - Starting service [Tomcat]
2023-05-08 10:49:06.100 [main] INFO  org.apache.catalina.core.StandardEngine [DirectJDKLog.java : 173] - Starting Servlet engine: [Apache Tomcat/9.0.41]
2023-05-08 10:49:06.744 [main] INFO  o.a.c.core.ContainerBase.[Tomcat].[localhost].[/] [DirectJDKLog.java : 173] - Initializing Spring embedded WebApplicationContext
2023-05-08 10:49:06.744 [main] INFO  o.s.b.w.s.c.ServletWebServerApplicationContext [ServletWebServerApplicationContext.java : 285] - Root WebApplicationContext: initialization completed in 3649 ms
2023-05-08 10:49:07.389 [main] WARN  o.s.b.w.s.c.AnnotationConfigServletWebServerApplicationContext [AbstractApplicationContext.java : 559] - Exception encountered during context initialization - cancelling refresh attempt: org.springframework.beans.factory.UnsatisfiedDependencyException: Error creating bean with name 'dealerSyncController': Unsatisfied dependency expressed through field 'dealerSyncService'; nested exception is org.springframework.beans.factory.UnsatisfiedDependencyException: Error creating bean with name 'dealerSyncServiceImpl': Unsatisfied dependency expressed through field 'dealerSyncMapper'; nested exception is org.springframework.beans.factory.NoSuchBeanDefinitionException: No qualifying bean of type 'com.dealermanager.mapper_dealer.DealerSyncMapper' available: expected at least 1 bean which qualifies as autowire candidate. Dependency annotations: {@org.springframework.beans.factory.annotation.Autowired(required=true)}
2023-05-08 10:49:07.399 [main] INFO  c.a.n.s.c.a.c.NacosValueAnnotationBeanPostProcessor [AnnotationInjectedBeanPostProcessor.java : 288] - class com.alibaba.nacos.spring.context.annotation.config.NacosValueAnnotationBeanPostProcessor was destroying!
2023-05-08 10:49:07.399 [main] INFO  c.a.n.s.b.f.a.AnnotationNacosInjectedBeanPostProcessor [AnnotationInjectedBeanPostProcessor.java : 288] - class com.alibaba.nacos.spring.beans.factory.annotation.AnnotationNacosInjectedBeanPostProcessor was destroying!
2023-05-08 10:49:07.399 [main] INFO  org.apache.catalina.core.StandardService [DirectJDKLog.java : 173] - Stopping service [Tomcat]
2023-05-08 10:49:07.569 [main] INFO  o.s.b.a.l.ConditionEvaluationReportLoggingListener [ConditionEvaluationReportLoggingListener.java : 136] - 

Error starting ApplicationContext. To display the conditions report re-run your application with 'debug' enabled.
2023-05-08 10:49:07.883 [main] ERROR o.s.b.diagnostics.LoggingFailureAnalysisReporter [LoggingFailureAnalysisReporter.java : 40] - 

***************************
APPLICATION FAILED TO START
***************************

Description:

Field dealerSyncMapper in com.dealermanager.service.impl.DealerSyncServiceImpl required a bean of type 'com.dealermanager.mapper_dealer.DealerSyncMapper' that could not be found.

The injection point has the following annotations:
	- @org.springframework.beans.factory.annotation.Autowired(required=true)


Action:

Consider defining a bean of type 'com.dealermanager.mapper_dealer.DealerSyncMapper' in your configuration.

2023-05-08 10:51:34.787 [main] INFO  c.a.b.nacos.config.util.NacosConfigPropertiesUtils [NacosConfigPropertiesUtils.java : 47] - nacosConfigProperties : NacosConfigProperties{serverAddr='127.0.0.1:8848', contextPath='null', encode='null', endpoint='null', namespace='null', accessKey='null', secretKey='null', ramRoleName='null', autoRefresh=false, dataId='null', dataIds='null', group='DEFAULT_GROUP', type=null, maxRetry='null', configLongPollTimeout='null', configRetryTime='null', enableRemoteSyncConfig=false, extConfig=[], bootstrap=Bootstrap{enable=false, logEnable=false}}
2023-05-08 10:51:34.787 [main] INFO  c.a.b.n.c.a.NacosConfigApplicationContextInitializer [NacosConfigApplicationContextInitializer.java : 75] - [Nacos Config Boot] : The preload configuration is not enabled
2023-05-08 10:51:34.797 [main] INFO  com.dealermanager.DealermanagerApplication [SpringApplication.java : 655] - The following profiles are active: dev
2023-05-08 10:51:36.648 [main] INFO  o.springframework.cloud.context.scope.GenericScope [GenericScope.java : 295] - BeanFactory id=15384bc1-d489-373a-b454-66fbbadc3e9b
2023-05-08 10:51:37.425 [main] INFO  o.s.boot.web.embedded.tomcat.TomcatWebServer [TomcatWebServer.java : 108] - Tomcat initialized with port(s): 20516 (http)
2023-05-08 10:51:37.445 [main] INFO  org.apache.coyote.http11.Http11NioProtocol [DirectJDKLog.java : 173] - Initializing ProtocolHandler ["http-nio-20516"]
2023-05-08 10:51:37.445 [main] INFO  org.apache.catalina.core.StandardService [DirectJDKLog.java : 173] - Starting service [Tomcat]
2023-05-08 10:51:37.445 [main] INFO  org.apache.catalina.core.StandardEngine [DirectJDKLog.java : 173] - Starting Servlet engine: [Apache Tomcat/9.0.41]
2023-05-08 10:51:37.747 [main] INFO  o.a.c.core.ContainerBase.[Tomcat].[localhost].[/] [DirectJDKLog.java : 173] - Initializing Spring embedded WebApplicationContext
2023-05-08 10:51:37.747 [main] INFO  o.s.b.w.s.c.ServletWebServerApplicationContext [ServletWebServerApplicationContext.java : 285] - Root WebApplicationContext: initialization completed in 2920 ms
2023-05-08 10:51:40.084 [main] INFO  o.s.b.actuate.endpoint.web.EndpointLinksResolver [EndpointLinksResolver.java : 58] - Exposing 16 endpoint(s) beneath base path '/actuator'
2023-05-08 10:51:40.516 [main] INFO  s.d.s.w.PropertySourcedRequestMappingHandlerMapping [PropertySourcedRequestMappingHandlerMapping.java : 69] - Mapped URL path [/v2/api-docs] onto method [springfox.documentation.swagger2.web.Swagger2Controller#getDocumentation(String, HttpServletRequest)]
2023-05-08 10:51:40.556 [main] WARN  com.netflix.config.sources.URLConfigurationSource [URLConfigurationSource.java : 121] - No URLs will be polled as dynamic configuration sources.
2023-05-08 10:51:40.556 [main] INFO  com.netflix.config.sources.URLConfigurationSource [URLConfigurationSource.java : 122] - To enable URLs as dynamic configuration sources, define System property archaius.configurationSource.additionalUrls or make config.properties available on classpath.
2023-05-08 10:51:40.556 [main] WARN  com.netflix.config.sources.URLConfigurationSource [URLConfigurationSource.java : 121] - No URLs will be polled as dynamic configuration sources.
2023-05-08 10:51:40.556 [main] INFO  com.netflix.config.sources.URLConfigurationSource [URLConfigurationSource.java : 122] - To enable URLs as dynamic configuration sources, define System property archaius.configurationSource.additionalUrls or make config.properties available on classpath.
2023-05-08 10:51:40.871 [main] INFO  o.s.scheduling.concurrent.ThreadPoolTaskExecutor [ExecutorConfigurationSupport.java : 181] - Initializing ExecutorService 'applicationTaskExecutor'
2023-05-08 10:51:41.991 [main] INFO  org.apache.coyote.http11.Http11NioProtocol [DirectJDKLog.java : 173] - Starting ProtocolHandler ["http-nio-20516"]
2023-05-08 10:51:42.071 [main] INFO  o.s.boot.web.embedded.tomcat.TomcatWebServer [TomcatWebServer.java : 220] - Tomcat started on port(s): 20516 (http) with context path ''
2023-05-08 10:51:42.091 [main] INFO  s.d.s.web.plugins.DocumentationPluginsBootstrapper [DocumentationPluginsBootstrapper.java : 160] - Context refreshed
2023-05-08 10:51:42.121 [main] INFO  s.d.s.web.plugins.DocumentationPluginsBootstrapper [DocumentationPluginsBootstrapper.java : 163] - Found 1 custom documentation plugin(s)
2023-05-08 10:51:42.201 [main] INFO  s.d.spring.web.scanners.ApiListingReferenceScanner [ApiListingReferenceScanner.java : 41] - Scanning for api listing references
2023-05-08 10:51:42.484 [main] INFO  s.d.s.w.r.operation.CachingOperationNameGenerator [CachingOperationNameGenerator.java : 40] - Generating unique operation named: handleUsingGET_1
2023-05-08 10:51:42.494 [main] INFO  s.d.s.w.r.operation.CachingOperationNameGenerator [CachingOperationNameGenerator.java : 40] - Generating unique operation named: handleUsingGET_2
2023-05-08 10:51:42.494 [main] INFO  s.d.s.w.r.operation.CachingOperationNameGenerator [CachingOperationNameGenerator.java : 40] - Generating unique operation named: handleUsingGET_3
2023-05-08 10:51:42.494 [main] INFO  s.d.s.w.r.operation.CachingOperationNameGenerator [CachingOperationNameGenerator.java : 40] - Generating unique operation named: handleUsingDELETE_1
2023-05-08 10:51:42.494 [main] INFO  s.d.s.w.r.operation.CachingOperationNameGenerator [CachingOperationNameGenerator.java : 40] - Generating unique operation named: handleUsingGET_4
2023-05-08 10:51:42.504 [main] INFO  s.d.s.w.r.operation.CachingOperationNameGenerator [CachingOperationNameGenerator.java : 40] - Generating unique operation named: handleUsingGET_5
2023-05-08 10:51:42.504 [main] INFO  s.d.s.w.r.operation.CachingOperationNameGenerator [CachingOperationNameGenerator.java : 40] - Generating unique operation named: handleUsingGET_6
2023-05-08 10:51:42.504 [main] INFO  s.d.s.w.r.operation.CachingOperationNameGenerator [CachingOperationNameGenerator.java : 40] - Generating unique operation named: handleUsingGET_7
2023-05-08 10:51:42.504 [main] INFO  s.d.s.w.r.operation.CachingOperationNameGenerator [CachingOperationNameGenerator.java : 40] - Generating unique operation named: handleUsingGET_8
2023-05-08 10:51:42.514 [main] INFO  s.d.s.w.r.operation.CachingOperationNameGenerator [CachingOperationNameGenerator.java : 40] - Generating unique operation named: handleUsingGET_9
2023-05-08 10:51:42.514 [main] INFO  s.d.s.w.r.operation.CachingOperationNameGenerator [CachingOperationNameGenerator.java : 40] - Generating unique operation named: handleUsingGET_10
2023-05-08 10:51:42.514 [main] INFO  s.d.s.w.r.operation.CachingOperationNameGenerator [CachingOperationNameGenerator.java : 40] - Generating unique operation named: handleUsingGET_11
2023-05-08 10:51:42.514 [main] INFO  s.d.s.w.r.operation.CachingOperationNameGenerator [CachingOperationNameGenerator.java : 40] - Generating unique operation named: handleUsingGET_12
2023-05-08 10:51:42.524 [main] INFO  s.d.s.w.r.operation.CachingOperationNameGenerator [CachingOperationNameGenerator.java : 40] - Generating unique operation named: handleUsingGET_13
2023-05-08 10:51:42.524 [main] INFO  s.d.s.w.r.operation.CachingOperationNameGenerator [CachingOperationNameGenerator.java : 40] - Generating unique operation named: handleUsingGET_14
2023-05-08 10:51:42.524 [main] INFO  s.d.s.w.r.operation.CachingOperationNameGenerator [CachingOperationNameGenerator.java : 40] - Generating unique operation named: handleUsingGET_15
2023-05-08 10:51:42.524 [main] INFO  s.d.s.w.r.operation.CachingOperationNameGenerator [CachingOperationNameGenerator.java : 40] - Generating unique operation named: handleUsingGET_16
2023-05-08 10:51:42.524 [main] INFO  s.d.s.w.r.operation.CachingOperationNameGenerator [CachingOperationNameGenerator.java : 40] - Generating unique operation named: handleUsingGET_17
2023-05-08 10:51:42.534 [main] INFO  s.d.s.w.r.operation.CachingOperationNameGenerator [CachingOperationNameGenerator.java : 40] - Generating unique operation named: handleUsingPOST_1
2023-05-08 10:51:42.534 [main] INFO  s.d.s.w.r.operation.CachingOperationNameGenerator [CachingOperationNameGenerator.java : 40] - Generating unique operation named: handleUsingGET_18
2023-05-08 10:51:42.534 [main] INFO  s.d.s.w.r.operation.CachingOperationNameGenerator [CachingOperationNameGenerator.java : 40] - Generating unique operation named: handleUsingGET_19
2023-05-08 10:51:42.624 [main] INFO  com.dealermanager.DealermanagerApplication [StartupInfoLogger.java : 61] - Started DealermanagerApplication in 9.51 seconds (JVM running for 10.896)
2023-05-08 10:51:42.778 [RMI TCP Connection(3)-10.71.28.27] ERROR com.zaxxer.hikari.HikariConfig [HikariConfig.java : 1003] - HikariPool-1 - dataSource or dataSourceClassName or jdbcUrl is required.
2023-05-08 10:51:42.778 [RMI TCP Connection(2)-10.71.28.27] INFO  o.a.c.core.ContainerBase.[Tomcat].[localhost].[/] [DirectJDKLog.java : 173] - Initializing Spring DispatcherServlet 'dispatcherServlet'
2023-05-08 10:51:42.778 [RMI TCP Connection(2)-10.71.28.27] INFO  org.springframework.web.servlet.DispatcherServlet [FrameworkServlet.java : 525] - Initializing Servlet 'dispatcherServlet'
2023-05-08 10:51:42.778 [RMI TCP Connection(3)-10.71.28.27] WARN  o.s.boot.actuate.jdbc.DataSourceHealthIndicator [AbstractHealthIndicator.java : 87] - DataSource health check failed
java.lang.IllegalArgumentException: dataSource or dataSourceClassName or jdbcUrl is required.
	at com.zaxxer.hikari.HikariConfig.validate(HikariConfig.java:1004)
	at com.zaxxer.hikari.HikariDataSource.getConnection(HikariDataSource.java:109)
	at org.springframework.jdbc.datasource.DataSourceUtils.fetchConnection(DataSourceUtils.java:158)
	at org.springframework.jdbc.datasource.DataSourceUtils.doGetConnection(DataSourceUtils.java:116)
	at org.springframework.jdbc.datasource.DataSourceUtils.getConnection(DataSourceUtils.java:79)
	at org.springframework.jdbc.core.JdbcTemplate.execute(JdbcTemplate.java:324)
	at org.springframework.boot.actuate.jdbc.DataSourceHealthIndicator.getProduct(DataSourceHealthIndicator.java:122)
	at org.springframework.boot.actuate.jdbc.DataSourceHealthIndicator.doDataSourceHealthCheck(DataSourceHealthIndicator.java:105)
	at org.springframework.boot.actuate.jdbc.DataSourceHealthIndicator.doHealthCheck(DataSourceHealthIndicator.java:100)
	at org.springframework.boot.actuate.health.AbstractHealthIndicator.health(AbstractHealthIndicator.java:82)
	at org.springframework.boot.actuate.health.HealthIndicator.getHealth(HealthIndicator.java:37)
	at org.springframework.boot.actuate.health.HealthEndpoint.getHealth(HealthEndpoint.java:71)
	at org.springframework.boot.actuate.health.HealthEndpoint.getHealth(HealthEndpoint.java:39)
	at org.springframework.boot.actuate.health.HealthEndpointSupport.getContribution(HealthEndpointSupport.java:99)
	at org.springframework.boot.actuate.health.HealthEndpointSupport.getAggregateHealth(HealthEndpointSupport.java:110)
	at org.springframework.boot.actuate.health.HealthEndpointSupport.getContribution(HealthEndpointSupport.java:96)
	at org.springframework.boot.actuate.health.HealthEndpointSupport.getHealth(HealthEndpointSupport.java:74)
	at org.springframework.boot.actuate.health.HealthEndpointSupport.getHealth(HealthEndpointSupport.java:61)
	at org.springframework.boot.actuate.health.HealthEndpoint.health(HealthEndpoint.java:65)
	at org.springframework.boot.actuate.health.HealthEndpoint.health(HealthEndpoint.java:55)
	at sun.reflect.NativeMethodAccessorImpl.invoke0(Native Method)
	at sun.reflect.NativeMethodAccessorImpl.invoke(NativeMethodAccessorImpl.java:62)
	at sun.reflect.DelegatingMethodAccessorImpl.invoke(DelegatingMethodAccessorImpl.java:43)
	at java.lang.reflect.Method.invoke(Method.java:498)
	at org.springframework.util.ReflectionUtils.invokeMethod(ReflectionUtils.java:282)
	at org.springframework.boot.actuate.endpoint.invoke.reflect.ReflectiveOperationInvoker.invoke(ReflectiveOperationInvoker.java:77)
	at org.springframework.boot.actuate.endpoint.annotation.AbstractDiscoveredOperation.invoke(AbstractDiscoveredOperation.java:60)
	at org.springframework.boot.actuate.endpoint.jmx.EndpointMBean.invoke(EndpointMBean.java:121)
	at org.springframework.boot.actuate.endpoint.jmx.EndpointMBean.invoke(EndpointMBean.java:96)
	at com.sun.jmx.interceptor.DefaultMBeanServerInterceptor.invoke(DefaultMBeanServerInterceptor.java:819)
	at com.sun.jmx.mbeanserver.JmxMBeanServer.invoke(JmxMBeanServer.java:801)
	at javax.management.remote.rmi.RMIConnectionImpl.doOperation(RMIConnectionImpl.java:1468)
	at javax.management.remote.rmi.RMIConnectionImpl.access$300(RMIConnectionImpl.java:76)
	at javax.management.remote.rmi.RMIConnectionImpl$PrivilegedOperation.run(RMIConnectionImpl.java:1309)
	at javax.management.remote.rmi.RMIConnectionImpl.doPrivilegedOperation(RMIConnectionImpl.java:1401)
	at javax.management.remote.rmi.RMIConnectionImpl.invoke(RMIConnectionImpl.java:829)
	at sun.reflect.GeneratedMethodAccessor73.invoke(Unknown Source)
	at sun.reflect.DelegatingMethodAccessorImpl.invoke(DelegatingMethodAccessorImpl.java:43)
	at java.lang.reflect.Method.invoke(Method.java:498)
	at sun.rmi.server.UnicastServerRef.dispatch(UnicastServerRef.java:324)
	at sun.rmi.transport.Transport$1.run(Transport.java:200)
	at sun.rmi.transport.Transport$1.run(Transport.java:197)
	at java.security.AccessController.doPrivileged(Native Method)
	at sun.rmi.transport.Transport.serviceCall(Transport.java:196)
	at sun.rmi.transport.tcp.TCPTransport.handleMessages(TCPTransport.java:568)
	at sun.rmi.transport.tcp.TCPTransport$ConnectionHandler.run0(TCPTransport.java:826)
	at sun.rmi.transport.tcp.TCPTransport$ConnectionHandler.lambda$run$0(TCPTransport.java:683)
	at java.security.AccessController.doPrivileged(Native Method)
	at sun.rmi.transport.tcp.TCPTransport$ConnectionHandler.run(TCPTransport.java:682)
	at java.util.concurrent.ThreadPoolExecutor.runWorker(ThreadPoolExecutor.java:1142)
	at java.util.concurrent.ThreadPoolExecutor$Worker.run(ThreadPoolExecutor.java:617)
	at java.lang.Thread.run(Thread.java:745)
2023-05-08 10:51:42.818 [RMI TCP Connection(2)-10.71.28.27] INFO  org.springframework.web.servlet.DispatcherServlet [FrameworkServlet.java : 547] - Completed initialization in 40 ms
2023-05-08 10:52:57.538 [SpringContextShutdownHook] INFO  o.s.scheduling.concurrent.ThreadPoolTaskExecutor [ExecutorConfigurationSupport.java : 218] - Shutting down ExecutorService 'applicationTaskExecutor'
2023-05-08 10:52:57.548 [SpringContextShutdownHook] INFO  c.a.n.s.c.a.c.NacosValueAnnotationBeanPostProcessor [AnnotationInjectedBeanPostProcessor.java : 288] - class com.alibaba.nacos.spring.context.annotation.config.NacosValueAnnotationBeanPostProcessor was destroying!
2023-05-08 10:52:57.548 [SpringContextShutdownHook] INFO  c.a.n.s.b.f.a.AnnotationNacosInjectedBeanPostProcessor [AnnotationInjectedBeanPostProcessor.java : 288] - class com.alibaba.nacos.spring.beans.factory.annotation.AnnotationNacosInjectedBeanPostProcessor was destroying!
2023-05-08 10:53:03.721 [main] INFO  c.a.b.nacos.config.util.NacosConfigPropertiesUtils [NacosConfigPropertiesUtils.java : 47] - nacosConfigProperties : NacosConfigProperties{serverAddr='127.0.0.1:8848', contextPath='null', encode='null', endpoint='null', namespace='null', accessKey='null', secretKey='null', ramRoleName='null', autoRefresh=false, dataId='null', dataIds='null', group='DEFAULT_GROUP', type=null, maxRetry='null', configLongPollTimeout='null', configRetryTime='null', enableRemoteSyncConfig=false, extConfig=[], bootstrap=Bootstrap{enable=false, logEnable=false}}
2023-05-08 10:53:03.721 [main] INFO  c.a.b.n.c.a.NacosConfigApplicationContextInitializer [NacosConfigApplicationContextInitializer.java : 75] - [Nacos Config Boot] : The preload configuration is not enabled
2023-05-08 10:53:03.721 [main] INFO  com.dealermanager.DealermanagerApplication [SpringApplication.java : 655] - The following profiles are active: dev
2023-05-08 10:53:05.645 [main] INFO  o.springframework.cloud.context.scope.GenericScope [GenericScope.java : 295] - BeanFactory id=15384bc1-d489-373a-b454-66fbbadc3e9b
2023-05-08 10:53:06.481 [main] INFO  o.s.boot.web.embedded.tomcat.TomcatWebServer [TomcatWebServer.java : 108] - Tomcat initialized with port(s): 20516 (http)
2023-05-08 10:53:06.491 [main] INFO  org.apache.coyote.http11.Http11NioProtocol [DirectJDKLog.java : 173] - Initializing ProtocolHandler ["http-nio-20516"]
2023-05-08 10:53:06.501 [main] INFO  org.apache.catalina.core.StandardService [DirectJDKLog.java : 173] - Starting service [Tomcat]
2023-05-08 10:53:06.501 [main] INFO  org.apache.catalina.core.StandardEngine [DirectJDKLog.java : 173] - Starting Servlet engine: [Apache Tomcat/9.0.41]
2023-05-08 10:53:06.803 [main] INFO  o.a.c.core.ContainerBase.[Tomcat].[localhost].[/] [DirectJDKLog.java : 173] - Initializing Spring embedded WebApplicationContext
2023-05-08 10:53:06.803 [main] INFO  o.s.b.w.s.c.ServletWebServerApplicationContext [ServletWebServerApplicationContext.java : 285] - Root WebApplicationContext: initialization completed in 3052 ms
2023-05-08 10:53:09.307 [main] INFO  o.s.b.actuate.endpoint.web.EndpointLinksResolver [EndpointLinksResolver.java : 58] - Exposing 16 endpoint(s) beneath base path '/actuator'
2023-05-08 10:53:09.718 [main] INFO  s.d.s.w.PropertySourcedRequestMappingHandlerMapping [PropertySourcedRequestMappingHandlerMapping.java : 69] - Mapped URL path [/v2/api-docs] onto method [springfox.documentation.swagger2.web.Swagger2Controller#getDocumentation(String, HttpServletRequest)]
2023-05-08 10:53:09.748 [main] WARN  com.netflix.config.sources.URLConfigurationSource [URLConfigurationSource.java : 121] - No URLs will be polled as dynamic configuration sources.
2023-05-08 10:53:09.748 [main] INFO  com.netflix.config.sources.URLConfigurationSource [URLConfigurationSource.java : 122] - To enable URLs as dynamic configuration sources, define System property archaius.configurationSource.additionalUrls or make config.properties available on classpath.
2023-05-08 10:53:09.758 [main] WARN  com.netflix.config.sources.URLConfigurationSource [URLConfigurationSource.java : 121] - No URLs will be polled as dynamic configuration sources.
2023-05-08 10:53:09.758 [main] INFO  com.netflix.config.sources.URLConfigurationSource [URLConfigurationSource.java : 122] - To enable URLs as dynamic configuration sources, define System property archaius.configurationSource.additionalUrls or make config.properties available on classpath.
2023-05-08 10:53:10.101 [main] INFO  o.s.scheduling.concurrent.ThreadPoolTaskExecutor [ExecutorConfigurationSupport.java : 181] - Initializing ExecutorService 'applicationTaskExecutor'
2023-05-08 10:53:11.283 [main] INFO  org.apache.coyote.http11.Http11NioProtocol [DirectJDKLog.java : 173] - Starting ProtocolHandler ["http-nio-20516"]
2023-05-08 10:53:11.333 [main] INFO  o.s.boot.web.embedded.tomcat.TomcatWebServer [TomcatWebServer.java : 220] - Tomcat started on port(s): 20516 (http) with context path ''
2023-05-08 10:53:11.353 [main] INFO  s.d.s.web.plugins.DocumentationPluginsBootstrapper [DocumentationPluginsBootstrapper.java : 160] - Context refreshed
2023-05-08 10:53:11.383 [main] INFO  s.d.s.web.plugins.DocumentationPluginsBootstrapper [DocumentationPluginsBootstrapper.java : 163] - Found 1 custom documentation plugin(s)
2023-05-08 10:53:11.473 [main] INFO  s.d.spring.web.scanners.ApiListingReferenceScanner [ApiListingReferenceScanner.java : 41] - Scanning for api listing references
2023-05-08 10:53:11.774 [main] INFO  s.d.s.w.r.operation.CachingOperationNameGenerator [CachingOperationNameGenerator.java : 40] - Generating unique operation named: handleUsingGET_1
2023-05-08 10:53:11.774 [main] INFO  s.d.s.w.r.operation.CachingOperationNameGenerator [CachingOperationNameGenerator.java : 40] - Generating unique operation named: handleUsingGET_2
2023-05-08 10:53:11.784 [main] INFO  s.d.s.w.r.operation.CachingOperationNameGenerator [CachingOperationNameGenerator.java : 40] - Generating unique operation named: handleUsingGET_3
2023-05-08 10:53:11.784 [main] INFO  s.d.s.w.r.operation.CachingOperationNameGenerator [CachingOperationNameGenerator.java : 40] - Generating unique operation named: handleUsingDELETE_1
2023-05-08 10:53:11.784 [main] INFO  s.d.s.w.r.operation.CachingOperationNameGenerator [CachingOperationNameGenerator.java : 40] - Generating unique operation named: handleUsingGET_4
2023-05-08 10:53:11.794 [main] INFO  s.d.s.w.r.operation.CachingOperationNameGenerator [CachingOperationNameGenerator.java : 40] - Generating unique operation named: handleUsingGET_5
2023-05-08 10:53:11.794 [main] INFO  s.d.s.w.r.operation.CachingOperationNameGenerator [CachingOperationNameGenerator.java : 40] - Generating unique operation named: handleUsingGET_6
2023-05-08 10:53:11.794 [main] INFO  s.d.s.w.r.operation.CachingOperationNameGenerator [CachingOperationNameGenerator.java : 40] - Generating unique operation named: handleUsingGET_7
2023-05-08 10:53:11.794 [main] INFO  s.d.s.w.r.operation.CachingOperationNameGenerator [CachingOperationNameGenerator.java : 40] - Generating unique operation named: handleUsingGET_8
2023-05-08 10:53:11.794 [main] INFO  s.d.s.w.r.operation.CachingOperationNameGenerator [CachingOperationNameGenerator.java : 40] - Generating unique operation named: handleUsingGET_9
2023-05-08 10:53:11.804 [main] INFO  s.d.s.w.r.operation.CachingOperationNameGenerator [CachingOperationNameGenerator.java : 40] - Generating unique operation named: handleUsingGET_10
2023-05-08 10:53:11.804 [main] INFO  s.d.s.w.r.operation.CachingOperationNameGenerator [CachingOperationNameGenerator.java : 40] - Generating unique operation named: handleUsingGET_11
2023-05-08 10:53:11.804 [main] INFO  s.d.s.w.r.operation.CachingOperationNameGenerator [CachingOperationNameGenerator.java : 40] - Generating unique operation named: handleUsingGET_12
2023-05-08 10:53:11.804 [main] INFO  s.d.s.w.r.operation.CachingOperationNameGenerator [CachingOperationNameGenerator.java : 40] - Generating unique operation named: handleUsingGET_13
2023-05-08 10:53:11.814 [main] INFO  s.d.s.w.r.operation.CachingOperationNameGenerator [CachingOperationNameGenerator.java : 40] - Generating unique operation named: handleUsingGET_14
2023-05-08 10:53:11.814 [main] INFO  s.d.s.w.r.operation.CachingOperationNameGenerator [CachingOperationNameGenerator.java : 40] - Generating unique operation named: handleUsingGET_15
2023-05-08 10:53:11.814 [main] INFO  s.d.s.w.r.operation.CachingOperationNameGenerator [CachingOperationNameGenerator.java : 40] - Generating unique operation named: handleUsingGET_16
2023-05-08 10:53:11.814 [main] INFO  s.d.s.w.r.operation.CachingOperationNameGenerator [CachingOperationNameGenerator.java : 40] - Generating unique operation named: handleUsingGET_17
2023-05-08 10:53:11.814 [main] INFO  s.d.s.w.r.operation.CachingOperationNameGenerator [CachingOperationNameGenerator.java : 40] - Generating unique operation named: handleUsingPOST_1
2023-05-08 10:53:11.824 [main] INFO  s.d.s.w.r.operation.CachingOperationNameGenerator [CachingOperationNameGenerator.java : 40] - Generating unique operation named: handleUsingGET_18
2023-05-08 10:53:11.824 [main] INFO  s.d.s.w.r.operation.CachingOperationNameGenerator [CachingOperationNameGenerator.java : 40] - Generating unique operation named: handleUsingGET_19
2023-05-08 10:53:11.906 [main] INFO  com.dealermanager.DealermanagerApplication [StartupInfoLogger.java : 61] - Started DealermanagerApplication in 9.799 seconds (JVM running for 11.33)
2023-05-08 10:53:12.450 [RMI TCP Connection(1)-10.71.28.27] INFO  o.a.c.core.ContainerBase.[Tomcat].[localhost].[/] [DirectJDKLog.java : 173] - Initializing Spring DispatcherServlet 'dispatcherServlet'
2023-05-08 10:53:12.450 [RMI TCP Connection(2)-10.71.28.27] INFO  com.zaxxer.hikari.HikariDataSource [HikariDataSource.java : 110] - HikariPool-1 - Starting...
2023-05-08 10:53:12.450 [RMI TCP Connection(1)-10.71.28.27] INFO  org.springframework.web.servlet.DispatcherServlet [FrameworkServlet.java : 525] - Initializing Servlet 'dispatcherServlet'
2023-05-08 10:53:12.480 [RMI TCP Connection(1)-10.71.28.27] INFO  org.springframework.web.servlet.DispatcherServlet [FrameworkServlet.java : 547] - Completed initialization in 30 ms
2023-05-08 10:53:12.892 [RMI TCP Connection(2)-10.71.28.27] INFO  com.zaxxer.hikari.HikariDataSource [HikariDataSource.java : 123] - HikariPool-1 - Start completed.
2023-05-08 10:53:31.324 [SpringContextShutdownHook] INFO  o.s.scheduling.concurrent.ThreadPoolTaskExecutor [ExecutorConfigurationSupport.java : 218] - Shutting down ExecutorService 'applicationTaskExecutor'
2023-05-08 10:53:31.324 [SpringContextShutdownHook] INFO  com.zaxxer.hikari.HikariDataSource [HikariDataSource.java : 350] - HikariPool-1 - Shutdown initiated...
2023-05-08 10:53:31.334 [SpringContextShutdownHook] INFO  com.zaxxer.hikari.HikariDataSource [HikariDataSource.java : 352] - HikariPool-1 - Shutdown completed.
2023-05-08 10:53:31.334 [SpringContextShutdownHook] INFO  c.a.n.s.c.a.c.NacosValueAnnotationBeanPostProcessor [AnnotationInjectedBeanPostProcessor.java : 288] - class com.alibaba.nacos.spring.context.annotation.config.NacosValueAnnotationBeanPostProcessor was destroying!
2023-05-08 10:53:31.334 [SpringContextShutdownHook] INFO  c.a.n.s.b.f.a.AnnotationNacosInjectedBeanPostProcessor [AnnotationInjectedBeanPostProcessor.java : 288] - class com.alibaba.nacos.spring.beans.factory.annotation.AnnotationNacosInjectedBeanPostProcessor was destroying!
2023-05-08 10:53:37.173 [main] INFO  c.a.b.nacos.config.util.NacosConfigPropertiesUtils [NacosConfigPropertiesUtils.java : 47] - nacosConfigProperties : NacosConfigProperties{serverAddr='127.0.0.1:8848', contextPath='null', encode='null', endpoint='null', namespace='null', accessKey='null', secretKey='null', ramRoleName='null', autoRefresh=false, dataId='null', dataIds='null', group='DEFAULT_GROUP', type=null, maxRetry='null', configLongPollTimeout='null', configRetryTime='null', enableRemoteSyncConfig=false, extConfig=[], bootstrap=Bootstrap{enable=false, logEnable=false}}
2023-05-08 10:53:37.183 [main] INFO  c.a.b.n.c.a.NacosConfigApplicationContextInitializer [NacosConfigApplicationContextInitializer.java : 75] - [Nacos Config Boot] : The preload configuration is not enabled
2023-05-08 10:53:37.183 [main] INFO  com.dealermanager.DealermanagerApplication [SpringApplication.java : 655] - The following profiles are active: dev
2023-05-08 10:53:39.062 [main] INFO  o.springframework.cloud.context.scope.GenericScope [GenericScope.java : 295] - BeanFactory id=15384bc1-d489-373a-b454-66fbbadc3e9b
2023-05-08 10:53:39.835 [main] INFO  o.s.boot.web.embedded.tomcat.TomcatWebServer [TomcatWebServer.java : 108] - Tomcat initialized with port(s): 30218 (http)
2023-05-08 10:53:39.845 [main] INFO  org.apache.coyote.http11.Http11NioProtocol [DirectJDKLog.java : 173] - Initializing ProtocolHandler ["http-nio-30218"]
2023-05-08 10:53:39.855 [main] INFO  org.apache.catalina.core.StandardService [DirectJDKLog.java : 173] - Starting service [Tomcat]
2023-05-08 10:53:39.855 [main] INFO  org.apache.catalina.core.StandardEngine [DirectJDKLog.java : 173] - Starting Servlet engine: [Apache Tomcat/9.0.41]
2023-05-08 10:53:40.157 [main] INFO  o.a.c.core.ContainerBase.[Tomcat].[localhost].[/] [DirectJDKLog.java : 173] - Initializing Spring embedded WebApplicationContext
2023-05-08 10:53:40.157 [main] INFO  o.s.b.w.s.c.ServletWebServerApplicationContext [ServletWebServerApplicationContext.java : 285] - Root WebApplicationContext: initialization completed in 2940 ms
2023-05-08 10:53:42.668 [main] INFO  o.s.b.actuate.endpoint.web.EndpointLinksResolver [EndpointLinksResolver.java : 58] - Exposing 16 endpoint(s) beneath base path '/actuator'
2023-05-08 10:53:43.082 [main] INFO  s.d.s.w.PropertySourcedRequestMappingHandlerMapping [PropertySourcedRequestMappingHandlerMapping.java : 69] - Mapped URL path [/v2/api-docs] onto method [springfox.documentation.swagger2.web.Swagger2Controller#getDocumentation(String, HttpServletRequest)]
2023-05-08 10:53:43.112 [main] WARN  com.netflix.config.sources.URLConfigurationSource [URLConfigurationSource.java : 121] - No URLs will be polled as dynamic configuration sources.
2023-05-08 10:53:43.112 [main] INFO  com.netflix.config.sources.URLConfigurationSource [URLConfigurationSource.java : 122] - To enable URLs as dynamic configuration sources, define System property archaius.configurationSource.additionalUrls or make config.properties available on classpath.
2023-05-08 10:53:43.122 [main] WARN  com.netflix.config.sources.URLConfigurationSource [URLConfigurationSource.java : 121] - No URLs will be polled as dynamic configuration sources.
2023-05-08 10:53:43.122 [main] INFO  com.netflix.config.sources.URLConfigurationSource [URLConfigurationSource.java : 122] - To enable URLs as dynamic configuration sources, define System property archaius.configurationSource.additionalUrls or make config.properties available on classpath.
2023-05-08 10:53:43.426 [main] INFO  o.s.scheduling.concurrent.ThreadPoolTaskExecutor [ExecutorConfigurationSupport.java : 181] - Initializing ExecutorService 'applicationTaskExecutor'
2023-05-08 10:53:44.551 [main] INFO  org.apache.coyote.http11.Http11NioProtocol [DirectJDKLog.java : 173] - Starting ProtocolHandler ["http-nio-30218"]
2023-05-08 10:53:44.591 [main] INFO  o.s.boot.web.embedded.tomcat.TomcatWebServer [TomcatWebServer.java : 220] - Tomcat started on port(s): 30218 (http) with context path ''
2023-05-08 10:53:44.611 [main] INFO  s.d.s.web.plugins.DocumentationPluginsBootstrapper [DocumentationPluginsBootstrapper.java : 160] - Context refreshed
2023-05-08 10:53:44.651 [main] INFO  s.d.s.web.plugins.DocumentationPluginsBootstrapper [DocumentationPluginsBootstrapper.java : 163] - Found 1 custom documentation plugin(s)
2023-05-08 10:53:44.732 [main] INFO  s.d.spring.web.scanners.ApiListingReferenceScanner [ApiListingReferenceScanner.java : 41] - Scanning for api listing references
2023-05-08 10:53:45.015 [main] INFO  s.d.s.w.r.operation.CachingOperationNameGenerator [CachingOperationNameGenerator.java : 40] - Generating unique operation named: handleUsingGET_1
2023-05-08 10:53:45.015 [main] INFO  s.d.s.w.r.operation.CachingOperationNameGenerator [CachingOperationNameGenerator.java : 40] - Generating unique operation named: handleUsingGET_2
2023-05-08 10:53:45.025 [main] INFO  s.d.s.w.r.operation.CachingOperationNameGenerator [CachingOperationNameGenerator.java : 40] - Generating unique operation named: handleUsingGET_3
2023-05-08 10:53:45.025 [main] INFO  s.d.s.w.r.operation.CachingOperationNameGenerator [CachingOperationNameGenerator.java : 40] - Generating unique operation named: handleUsingDELETE_1
2023-05-08 10:53:45.025 [main] INFO  s.d.s.w.r.operation.CachingOperationNameGenerator [CachingOperationNameGenerator.java : 40] - Generating unique operation named: handleUsingGET_4
2023-05-08 10:53:45.025 [main] INFO  s.d.s.w.r.operation.CachingOperationNameGenerator [CachingOperationNameGenerator.java : 40] - Generating unique operation named: handleUsingGET_5
2023-05-08 10:53:45.025 [main] INFO  s.d.s.w.r.operation.CachingOperationNameGenerator [CachingOperationNameGenerator.java : 40] - Generating unique operation named: handleUsingGET_6
2023-05-08 10:53:45.035 [main] INFO  s.d.s.w.r.operation.CachingOperationNameGenerator [CachingOperationNameGenerator.java : 40] - Generating unique operation named: handleUsingGET_7
2023-05-08 10:53:45.035 [main] INFO  s.d.s.w.r.operation.CachingOperationNameGenerator [CachingOperationNameGenerator.java : 40] - Generating unique operation named: handleUsingGET_8
2023-05-08 10:53:45.035 [main] INFO  s.d.s.w.r.operation.CachingOperationNameGenerator [CachingOperationNameGenerator.java : 40] - Generating unique operation named: handleUsingGET_9
2023-05-08 10:53:45.035 [main] INFO  s.d.s.w.r.operation.CachingOperationNameGenerator [CachingOperationNameGenerator.java : 40] - Generating unique operation named: handleUsingGET_10
2023-05-08 10:53:45.045 [main] INFO  s.d.s.w.r.operation.CachingOperationNameGenerator [CachingOperationNameGenerator.java : 40] - Generating unique operation named: handleUsingGET_11
2023-05-08 10:53:45.045 [main] INFO  s.d.s.w.r.operation.CachingOperationNameGenerator [CachingOperationNameGenerator.java : 40] - Generating unique operation named: handleUsingGET_12
2023-05-08 10:53:45.045 [main] INFO  s.d.s.w.r.operation.CachingOperationNameGenerator [CachingOperationNameGenerator.java : 40] - Generating unique operation named: handleUsingGET_13
2023-05-08 10:53:45.045 [main] INFO  s.d.s.w.r.operation.CachingOperationNameGenerator [CachingOperationNameGenerator.java : 40] - Generating unique operation named: handleUsingGET_14
2023-05-08 10:53:45.045 [main] INFO  s.d.s.w.r.operation.CachingOperationNameGenerator [CachingOperationNameGenerator.java : 40] - Generating unique operation named: handleUsingGET_15
2023-05-08 10:53:45.055 [main] INFO  s.d.s.w.r.operation.CachingOperationNameGenerator [CachingOperationNameGenerator.java : 40] - Generating unique operation named: handleUsingGET_16
2023-05-08 10:53:45.055 [main] INFO  s.d.s.w.r.operation.CachingOperationNameGenerator [CachingOperationNameGenerator.java : 40] - Generating unique operation named: handleUsingGET_17
2023-05-08 10:53:45.055 [main] INFO  s.d.s.w.r.operation.CachingOperationNameGenerator [CachingOperationNameGenerator.java : 40] - Generating unique operation named: handleUsingPOST_1
2023-05-08 10:53:45.055 [main] INFO  s.d.s.w.r.operation.CachingOperationNameGenerator [CachingOperationNameGenerator.java : 40] - Generating unique operation named: handleUsingGET_18
2023-05-08 10:53:45.055 [main] INFO  s.d.s.w.r.operation.CachingOperationNameGenerator [CachingOperationNameGenerator.java : 40] - Generating unique operation named: handleUsingGET_19
2023-05-08 10:53:45.135 [main] INFO  com.dealermanager.DealermanagerApplication [StartupInfoLogger.java : 61] - Started DealermanagerApplication in 9.53 seconds (JVM running for 11.07)
2023-05-08 10:53:45.427 [RMI TCP Connection(1)-10.71.28.27] INFO  o.a.c.core.ContainerBase.[Tomcat].[localhost].[/] [DirectJDKLog.java : 173] - Initializing Spring DispatcherServlet 'dispatcherServlet'
2023-05-08 10:53:45.427 [RMI TCP Connection(1)-10.71.28.27] INFO  org.springframework.web.servlet.DispatcherServlet [FrameworkServlet.java : 525] - Initializing Servlet 'dispatcherServlet'
2023-05-08 10:53:45.427 [RMI TCP Connection(2)-10.71.28.27] INFO  com.zaxxer.hikari.HikariDataSource [HikariDataSource.java : 110] - HikariPool-1 - Starting...
2023-05-08 10:53:45.457 [RMI TCP Connection(1)-10.71.28.27] INFO  org.springframework.web.servlet.DispatcherServlet [FrameworkServlet.java : 547] - Completed initialization in 30 ms
2023-05-08 10:53:45.808 [RMI TCP Connection(2)-10.71.28.27] INFO  com.zaxxer.hikari.HikariDataSource [HikariDataSource.java : 123] - HikariPool-1 - Start completed.
2023-05-08 10:56:31.395 [SpringContextShutdownHook] INFO  o.s.scheduling.concurrent.ThreadPoolTaskExecutor [ExecutorConfigurationSupport.java : 218] - Shutting down ExecutorService 'applicationTaskExecutor'
2023-05-08 10:56:31.405 [SpringContextShutdownHook] INFO  com.zaxxer.hikari.HikariDataSource [HikariDataSource.java : 350] - HikariPool-1 - Shutdown initiated...
2023-05-08 10:56:31.405 [SpringContextShutdownHook] INFO  com.zaxxer.hikari.HikariDataSource [HikariDataSource.java : 352] - HikariPool-1 - Shutdown completed.
2023-05-08 10:56:31.415 [SpringContextShutdownHook] INFO  c.a.n.s.c.a.c.NacosValueAnnotationBeanPostProcessor [AnnotationInjectedBeanPostProcessor.java : 288] - class com.alibaba.nacos.spring.context.annotation.config.NacosValueAnnotationBeanPostProcessor was destroying!
2023-05-08 10:56:31.415 [SpringContextShutdownHook] INFO  c.a.n.s.b.f.a.AnnotationNacosInjectedBeanPostProcessor [AnnotationInjectedBeanPostProcessor.java : 288] - class com.alibaba.nacos.spring.beans.factory.annotation.AnnotationNacosInjectedBeanPostProcessor was destroying!
