2023-05-15 23:17:08.192 [main] INFO  com.dealermanager.DealermanagerApplication [SpringApplication.java : 655] - The following profiles are active: dev
2023-05-15 23:17:09.371 [main] INFO  o.springframework.cloud.context.scope.GenericScope [GenericScope.java : 295] - BeanFactory id=a54f5368-7099-3899-be01-bd47e4de1014
2023-05-15 23:17:09.722 [main] INFO  o.s.boot.web.embedded.tomcat.TomcatWebServer [TomcatWebServer.java : 108] - Tomcat initialized with port(s): 30219 (http)
2023-05-15 23:17:09.732 [main] INFO  org.apache.coyote.http11.Http11NioProtocol [DirectJDKLog.java : 173] - Initializing ProtocolHandler ["http-nio-30219"]
2023-05-15 23:17:09.732 [main] INFO  org.apache.catalina.core.StandardService [DirectJDKLog.java : 173] - Starting service [Tomcat]
2023-05-15 23:17:09.732 [main] INFO  org.apache.catalina.core.StandardEngine [DirectJDKLog.java : 173] - Starting Servlet engine: [Apache Tomcat/9.0.41]
2023-05-15 23:17:09.927 [main] INFO  o.a.c.core.ContainerBase.[Tomcat].[localhost].[/] [DirectJDKLog.java : 173] - Initializing Spring embedded WebApplicationContext
2023-05-15 23:17:09.928 [main] INFO  o.s.b.w.s.c.ServletWebServerApplicationContext [ServletWebServerApplicationContext.java : 285] - Root WebApplicationContext: initialization completed in 1712 ms
2023-05-15 23:17:12.103 [main] INFO  o.s.b.actuate.endpoint.web.EndpointLinksResolver [EndpointLinksResolver.java : 58] - Exposing 16 endpoint(s) beneath base path '/actuator'
2023-05-15 23:17:12.184 [main] INFO  s.d.s.w.PropertySourcedRequestMappingHandlerMapping [PropertySourcedRequestMappingHandlerMapping.java : 69] - Mapped URL path [/v2/api-docs] onto method [springfox.documentation.swagger2.web.Swagger2Controller#getDocumentation(String, HttpServletRequest)]
2023-05-15 23:17:12.192 [main] WARN  com.netflix.config.sources.URLConfigurationSource [URLConfigurationSource.java : 121] - No URLs will be polled as dynamic configuration sources.
2023-05-15 23:17:12.193 [main] INFO  com.netflix.config.sources.URLConfigurationSource [URLConfigurationSource.java : 122] - To enable URLs as dynamic configuration sources, define System property archaius.configurationSource.additionalUrls or make config.properties available on classpath.
2023-05-15 23:17:12.196 [main] WARN  com.netflix.config.sources.URLConfigurationSource [URLConfigurationSource.java : 121] - No URLs will be polled as dynamic configuration sources.
2023-05-15 23:17:12.197 [main] INFO  com.netflix.config.sources.URLConfigurationSource [URLConfigurationSource.java : 122] - To enable URLs as dynamic configuration sources, define System property archaius.configurationSource.additionalUrls or make config.properties available on classpath.
2023-05-15 23:17:12.253 [main] INFO  o.s.scheduling.concurrent.ThreadPoolTaskExecutor [ExecutorConfigurationSupport.java : 181] - Initializing ExecutorService 'applicationTaskExecutor'
2023-05-15 23:17:13.567 [main] INFO  org.apache.coyote.http11.Http11NioProtocol [DirectJDKLog.java : 173] - Starting ProtocolHandler ["http-nio-30219"]
2023-05-15 23:17:13.595 [main] INFO  o.s.boot.web.embedded.tomcat.TomcatWebServer [TomcatWebServer.java : 220] - Tomcat started on port(s): 30219 (http) with context path ''
2023-05-15 23:17:14.595 [main] INFO  s.d.s.web.plugins.DocumentationPluginsBootstrapper [DocumentationPluginsBootstrapper.java : 160] - Context refreshed
2023-05-15 23:17:14.616 [main] INFO  s.d.s.web.plugins.DocumentationPluginsBootstrapper [DocumentationPluginsBootstrapper.java : 163] - Found 1 custom documentation plugin(s)
2023-05-15 23:17:14.742 [main] INFO  s.d.spring.web.scanners.ApiListingReferenceScanner [ApiListingReferenceScanner.java : 41] - Scanning for api listing references
2023-05-15 23:17:14.994 [main] INFO  com.dealermanager.DealermanagerApplication [StartupInfoLogger.java : 61] - Started DealermanagerApplication in 9.95 seconds (JVM running for 11.854)
2023-05-15 23:17:16.390 [RMI TCP Connection(3)-192.168.10.7] INFO  o.a.c.core.ContainerBase.[Tomcat].[localhost].[/] [DirectJDKLog.java : 173] - Initializing Spring DispatcherServlet 'dispatcherServlet'
2023-05-15 23:17:16.390 [RMI TCP Connection(3)-192.168.10.7] INFO  org.springframework.web.servlet.DispatcherServlet [FrameworkServlet.java : 525] - Initializing Servlet 'dispatcherServlet'
2023-05-15 23:17:16.394 [RMI TCP Connection(2)-192.168.10.7] INFO  com.zaxxer.hikari.HikariDataSource [HikariDataSource.java : 110] - HikariPool-1 - Starting...
2023-05-15 23:17:16.402 [RMI TCP Connection(3)-192.168.10.7] INFO  org.springframework.web.servlet.DispatcherServlet [FrameworkServlet.java : 547] - Completed initialization in 12 ms
2023-05-15 23:17:20.902 [RMI TCP Connection(2)-192.168.10.7] INFO  com.zaxxer.hikari.HikariDataSource [HikariDataSource.java : 123] - HikariPool-1 - Start completed.
2023-05-15 23:18:23.332 [http-nio-30219-exec-9] INFO  com.dealermanager.controller.UserController [UserController.java : 45] - -----login------
2023-05-15 23:18:23.332 [http-nio-30219-exec-9] INFO  com.dealermanager.service.impl.UserServiceImpl [UserServiceImpl.java : 51] - 查询用户：18814090734
2023-05-15 23:18:23.632 [http-nio-30219-exec-9] INFO  com.dealermanager.util.TokenUtil [TokenUtil.java : 117] - ==>生成token入参id:admin,userId:18814090734,username:{}
2023-05-15 23:18:23.998 [http-nio-30219-exec-9] INFO  com.dealermanager.util.TokenUtil [TokenUtil.java : 42] - >>>>>>>>>>>TokenUtil createJWT claims.{phone=18814090734, userName=admin}
2023-05-15 23:18:23.998 [http-nio-30219-exec-9] INFO  com.dealermanager.util.TokenUtil [TokenUtil.java : 43] - >>>>>>>>>>>TokenUtil createJWT now.Mon May 15 23:18:23 GMT+08:00 2023
2023-05-15 23:18:23.999 [http-nio-30219-exec-9] INFO  com.dealermanager.util.TokenUtil [TokenUtil.java : 44] - >>>>>>>>>>>TokenUtil createJWT signatureAlgorithm.HS256
2023-05-15 23:18:23.999 [http-nio-30219-exec-9] INFO  com.dealermanager.util.TokenUtil [TokenUtil.java : 45] - >>>>>>>>>>>TokenUtil createJWT secretKey.javax.crypto.spec.SecretKeySpec@5ee92cb
2023-05-15 23:18:24.014 [http-nio-30219-exec-9] INFO  com.dealermanager.util.TokenUtil [TokenUtil.java : 52] - >>>>>>>>>>>TokenUtil createJWT builder.io.jsonwebtoken.impl.DefaultJwtBuilder@3ed8b0e6
2023-05-15 23:18:24.030 [http-nio-30219-exec-9] INFO  com.dealermanager.util.TokenUtil [TokenUtil.java : 122] - ==>token生成成功token:eyJhbGciOiJIUzI1NiJ9.eyJwaG9uZSI6IjE4ODE0MDkwNzM0IiwidXNlck5hbWUiOiJhZG1pbiIsImlhdCI6MTY4NDE2MzkwM30.cTDpiMVs8tbWQwqZD3y8Q6grBhUN2g6quIiUTuOUyL4
2023-05-15 23:18:24.031 [http-nio-30219-exec-9] INFO  com.dealermanager.controller.UserController [UserController.java : 67] - 生成token: 
2023-05-15 23:18:24.031 [http-nio-30219-exec-9] INFO  com.dealermanager.service.impl.UserServiceImpl [UserServiceImpl.java : 27] - 更新token
2023-05-15 23:18:25.464 [http-nio-30219-exec-9] INFO  com.dealermanager.controller.UserController [UserController.java : 70] - ==login()==result: {"token":"eyJhbGciOiJIUzI1NiJ9.eyJwaG9uZSI6IjE4ODE0MDkwNzM0IiwidXNlck5hbWUiOiJhZG1pbiIsImlhdCI6MTY4NDE2MzkwM30.cTDpiMVs8tbWQwqZD3y8Q6grBhUN2g6quIiUTuOUyL4"}
2023-05-15 23:21:39.545 [HikariPool-1 housekeeper] WARN  com.zaxxer.hikari.pool.HikariPool [HikariPool.java : 787] - HikariPool-1 - Thread starvation or clock leap detected (housekeeper delta=1m38s867ms472µs200ns).
2023-05-15 23:22:02.087 [http-nio-30219-exec-7] INFO  com.dealermanager.controller.UserController [UserController.java : 45] - -----login------
2023-05-15 23:22:02.087 [http-nio-30219-exec-7] INFO  com.dealermanager.service.impl.UserServiceImpl [UserServiceImpl.java : 51] - 查询用户：18814090734
2023-05-15 23:22:02.389 [http-nio-30219-exec-7] INFO  com.dealermanager.util.TokenUtil [TokenUtil.java : 117] - ==>生成token入参id:admin,userId:18814090734,username:{}
2023-05-15 23:22:02.390 [http-nio-30219-exec-7] INFO  com.dealermanager.util.TokenUtil [TokenUtil.java : 42] - >>>>>>>>>>>TokenUtil createJWT claims.{phone=18814090734, userName=admin}
2023-05-15 23:22:02.390 [http-nio-30219-exec-7] INFO  com.dealermanager.util.TokenUtil [TokenUtil.java : 43] - >>>>>>>>>>>TokenUtil createJWT now.Mon May 15 23:22:02 GMT+08:00 2023
2023-05-15 23:22:02.390 [http-nio-30219-exec-7] INFO  com.dealermanager.util.TokenUtil [TokenUtil.java : 44] - >>>>>>>>>>>TokenUtil createJWT signatureAlgorithm.HS256
2023-05-15 23:22:02.390 [http-nio-30219-exec-7] INFO  com.dealermanager.util.TokenUtil [TokenUtil.java : 45] - >>>>>>>>>>>TokenUtil createJWT secretKey.javax.crypto.spec.SecretKeySpec@5ee92cb
2023-05-15 23:22:02.391 [http-nio-30219-exec-7] INFO  com.dealermanager.util.TokenUtil [TokenUtil.java : 52] - >>>>>>>>>>>TokenUtil createJWT builder.io.jsonwebtoken.impl.DefaultJwtBuilder@48e88fb
2023-05-15 23:22:02.391 [http-nio-30219-exec-7] INFO  com.dealermanager.util.TokenUtil [TokenUtil.java : 122] - ==>token生成成功token:eyJhbGciOiJIUzI1NiJ9.eyJwaG9uZSI6IjE4ODE0MDkwNzM0IiwidXNlck5hbWUiOiJhZG1pbiIsImlhdCI6MTY4NDE2NDEyMn0.MAuTEPElA3dDf-Guwo6YWLWLnH0yO3xaCin1M60K0c0
2023-05-15 23:22:02.392 [http-nio-30219-exec-7] INFO  com.dealermanager.controller.UserController [UserController.java : 67] - 生成token: 
2023-05-15 23:22:02.392 [http-nio-30219-exec-7] INFO  com.dealermanager.service.impl.UserServiceImpl [UserServiceImpl.java : 27] - 更新token
2023-05-15 23:22:04.167 [http-nio-30219-exec-7] INFO  com.dealermanager.controller.UserController [UserController.java : 70] - ==login()==result: {"token":"eyJhbGciOiJIUzI1NiJ9.eyJwaG9uZSI6IjE4ODE0MDkwNzM0IiwidXNlck5hbWUiOiJhZG1pbiIsImlhdCI6MTY4NDE2NDEyMn0.MAuTEPElA3dDf-Guwo6YWLWLnH0yO3xaCin1M60K0c0"}
2023-05-15 23:22:20.249 [http-nio-30219-exec-6] INFO  com.dealermanager.controller.UserController [UserController.java : 88] - -----logout------
2023-05-15 23:22:20.249 [http-nio-30219-exec-6] INFO  com.dealermanager.controller.UserController [UserController.java : 92] - logout():
2023-05-15 23:23:49.004 [SpringContextShutdownHook] INFO  o.s.scheduling.concurrent.ThreadPoolTaskExecutor [ExecutorConfigurationSupport.java : 218] - Shutting down ExecutorService 'applicationTaskExecutor'
2023-05-15 23:23:49.007 [SpringContextShutdownHook] INFO  com.zaxxer.hikari.HikariDataSource [HikariDataSource.java : 350] - HikariPool-1 - Shutdown initiated...
2023-05-15 23:23:49.018 [SpringContextShutdownHook] INFO  com.zaxxer.hikari.HikariDataSource [HikariDataSource.java : 352] - HikariPool-1 - Shutdown completed.
2023-05-15 23:27:16.989 [main] INFO  com.dealermanager.DealermanagerApplication [SpringApplication.java : 655] - The following profiles are active: dev
2023-05-15 23:27:18.342 [main] INFO  o.springframework.cloud.context.scope.GenericScope [GenericScope.java : 295] - BeanFactory id=a54f5368-7099-3899-be01-bd47e4de1014
2023-05-15 23:27:18.718 [main] INFO  o.s.boot.web.embedded.tomcat.TomcatWebServer [TomcatWebServer.java : 108] - Tomcat initialized with port(s): 30219 (http)
2023-05-15 23:27:18.728 [main] INFO  org.apache.coyote.http11.Http11NioProtocol [DirectJDKLog.java : 173] - Initializing ProtocolHandler ["http-nio-30219"]
2023-05-15 23:27:18.728 [main] INFO  org.apache.catalina.core.StandardService [DirectJDKLog.java : 173] - Starting service [Tomcat]
2023-05-15 23:27:18.728 [main] INFO  org.apache.catalina.core.StandardEngine [DirectJDKLog.java : 173] - Starting Servlet engine: [Apache Tomcat/9.0.41]
2023-05-15 23:27:18.948 [main] INFO  o.a.c.core.ContainerBase.[Tomcat].[localhost].[/] [DirectJDKLog.java : 173] - Initializing Spring embedded WebApplicationContext
2023-05-15 23:27:18.949 [main] INFO  o.s.b.w.s.c.ServletWebServerApplicationContext [ServletWebServerApplicationContext.java : 285] - Root WebApplicationContext: initialization completed in 1920 ms
2023-05-15 23:27:21.466 [main] INFO  o.s.b.actuate.endpoint.web.EndpointLinksResolver [EndpointLinksResolver.java : 58] - Exposing 16 endpoint(s) beneath base path '/actuator'
2023-05-15 23:27:21.561 [main] INFO  s.d.s.w.PropertySourcedRequestMappingHandlerMapping [PropertySourcedRequestMappingHandlerMapping.java : 69] - Mapped URL path [/v2/api-docs] onto method [springfox.documentation.swagger2.web.Swagger2Controller#getDocumentation(String, HttpServletRequest)]
2023-05-15 23:27:21.570 [main] WARN  com.netflix.config.sources.URLConfigurationSource [URLConfigurationSource.java : 121] - No URLs will be polled as dynamic configuration sources.
2023-05-15 23:27:21.570 [main] INFO  com.netflix.config.sources.URLConfigurationSource [URLConfigurationSource.java : 122] - To enable URLs as dynamic configuration sources, define System property archaius.configurationSource.additionalUrls or make config.properties available on classpath.
2023-05-15 23:27:21.575 [main] WARN  com.netflix.config.sources.URLConfigurationSource [URLConfigurationSource.java : 121] - No URLs will be polled as dynamic configuration sources.
2023-05-15 23:27:21.576 [main] INFO  com.netflix.config.sources.URLConfigurationSource [URLConfigurationSource.java : 122] - To enable URLs as dynamic configuration sources, define System property archaius.configurationSource.additionalUrls or make config.properties available on classpath.
2023-05-15 23:27:21.634 [main] INFO  o.s.scheduling.concurrent.ThreadPoolTaskExecutor [ExecutorConfigurationSupport.java : 181] - Initializing ExecutorService 'applicationTaskExecutor'
2023-05-15 23:27:23.022 [main] INFO  org.apache.coyote.http11.Http11NioProtocol [DirectJDKLog.java : 173] - Starting ProtocolHandler ["http-nio-30219"]
2023-05-15 23:27:23.052 [main] INFO  o.s.boot.web.embedded.tomcat.TomcatWebServer [TomcatWebServer.java : 220] - Tomcat started on port(s): 30219 (http) with context path ''
2023-05-15 23:27:24.040 [main] INFO  s.d.s.web.plugins.DocumentationPluginsBootstrapper [DocumentationPluginsBootstrapper.java : 160] - Context refreshed
2023-05-15 23:27:24.060 [main] INFO  s.d.s.web.plugins.DocumentationPluginsBootstrapper [DocumentationPluginsBootstrapper.java : 163] - Found 1 custom documentation plugin(s)
2023-05-15 23:27:24.106 [main] INFO  s.d.spring.web.scanners.ApiListingReferenceScanner [ApiListingReferenceScanner.java : 41] - Scanning for api listing references
2023-05-15 23:27:24.320 [main] INFO  com.dealermanager.DealermanagerApplication [StartupInfoLogger.java : 61] - Started DealermanagerApplication in 11.082 seconds (JVM running for 13.194)
2023-05-15 23:27:25.603 [RMI TCP Connection(4)-192.168.10.7] INFO  o.a.c.core.ContainerBase.[Tomcat].[localhost].[/] [DirectJDKLog.java : 173] - Initializing Spring DispatcherServlet 'dispatcherServlet'
2023-05-15 23:27:25.603 [RMI TCP Connection(4)-192.168.10.7] INFO  org.springframework.web.servlet.DispatcherServlet [FrameworkServlet.java : 525] - Initializing Servlet 'dispatcherServlet'
2023-05-15 23:27:25.607 [RMI TCP Connection(5)-192.168.10.7] INFO  com.zaxxer.hikari.HikariDataSource [HikariDataSource.java : 110] - HikariPool-1 - Starting...
2023-05-15 23:27:25.616 [RMI TCP Connection(4)-192.168.10.7] INFO  org.springframework.web.servlet.DispatcherServlet [FrameworkServlet.java : 547] - Completed initialization in 12 ms
2023-05-15 23:27:29.465 [RMI TCP Connection(5)-192.168.10.7] INFO  com.zaxxer.hikari.HikariDataSource [HikariDataSource.java : 123] - HikariPool-1 - Start completed.
2023-05-15 23:27:31.622 [SpringContextShutdownHook] INFO  o.s.scheduling.concurrent.ThreadPoolTaskExecutor [ExecutorConfigurationSupport.java : 218] - Shutting down ExecutorService 'applicationTaskExecutor'
2023-05-15 23:27:31.628 [SpringContextShutdownHook] INFO  com.zaxxer.hikari.HikariDataSource [HikariDataSource.java : 350] - HikariPool-1 - Shutdown initiated...
2023-05-15 23:27:32.650 [SpringContextShutdownHook] INFO  com.zaxxer.hikari.HikariDataSource [HikariDataSource.java : 352] - HikariPool-1 - Shutdown completed.
2023-05-15 23:27:42.671 [main] INFO  com.dealermanager.DealermanagerApplication [SpringApplication.java : 655] - The following profiles are active: dev
2023-05-15 23:27:43.883 [main] INFO  o.springframework.cloud.context.scope.GenericScope [GenericScope.java : 295] - BeanFactory id=a54f5368-7099-3899-be01-bd47e4de1014
2023-05-15 23:27:44.227 [main] INFO  o.s.boot.web.embedded.tomcat.TomcatWebServer [TomcatWebServer.java : 108] - Tomcat initialized with port(s): 30219 (http)
2023-05-15 23:27:44.237 [main] INFO  org.apache.coyote.http11.Http11NioProtocol [DirectJDKLog.java : 173] - Initializing ProtocolHandler ["http-nio-30219"]
2023-05-15 23:27:44.237 [main] INFO  org.apache.catalina.core.StandardService [DirectJDKLog.java : 173] - Starting service [Tomcat]
2023-05-15 23:27:44.237 [main] INFO  org.apache.catalina.core.StandardEngine [DirectJDKLog.java : 173] - Starting Servlet engine: [Apache Tomcat/9.0.41]
2023-05-15 23:27:44.436 [main] INFO  o.a.c.core.ContainerBase.[Tomcat].[localhost].[/] [DirectJDKLog.java : 173] - Initializing Spring embedded WebApplicationContext
2023-05-15 23:27:44.436 [main] INFO  o.s.b.w.s.c.ServletWebServerApplicationContext [ServletWebServerApplicationContext.java : 285] - Root WebApplicationContext: initialization completed in 1741 ms
2023-05-15 23:27:46.537 [main] INFO  o.s.b.actuate.endpoint.web.EndpointLinksResolver [EndpointLinksResolver.java : 58] - Exposing 16 endpoint(s) beneath base path '/actuator'
2023-05-15 23:27:46.624 [main] INFO  s.d.s.w.PropertySourcedRequestMappingHandlerMapping [PropertySourcedRequestMappingHandlerMapping.java : 69] - Mapped URL path [/v2/api-docs] onto method [springfox.documentation.swagger2.web.Swagger2Controller#getDocumentation(String, HttpServletRequest)]
2023-05-15 23:27:46.635 [main] WARN  com.netflix.config.sources.URLConfigurationSource [URLConfigurationSource.java : 121] - No URLs will be polled as dynamic configuration sources.
2023-05-15 23:27:46.636 [main] INFO  com.netflix.config.sources.URLConfigurationSource [URLConfigurationSource.java : 122] - To enable URLs as dynamic configuration sources, define System property archaius.configurationSource.additionalUrls or make config.properties available on classpath.
2023-05-15 23:27:46.640 [main] WARN  com.netflix.config.sources.URLConfigurationSource [URLConfigurationSource.java : 121] - No URLs will be polled as dynamic configuration sources.
2023-05-15 23:27:46.640 [main] INFO  com.netflix.config.sources.URLConfigurationSource [URLConfigurationSource.java : 122] - To enable URLs as dynamic configuration sources, define System property archaius.configurationSource.additionalUrls or make config.properties available on classpath.
2023-05-15 23:27:46.694 [main] INFO  o.s.scheduling.concurrent.ThreadPoolTaskExecutor [ExecutorConfigurationSupport.java : 181] - Initializing ExecutorService 'applicationTaskExecutor'
2023-05-15 23:27:48.132 [main] INFO  org.apache.coyote.http11.Http11NioProtocol [DirectJDKLog.java : 173] - Starting ProtocolHandler ["http-nio-30219"]
2023-05-15 23:27:48.165 [main] INFO  o.s.boot.web.embedded.tomcat.TomcatWebServer [TomcatWebServer.java : 220] - Tomcat started on port(s): 30219 (http) with context path ''
2023-05-15 23:27:49.240 [main] INFO  s.d.s.web.plugins.DocumentationPluginsBootstrapper [DocumentationPluginsBootstrapper.java : 160] - Context refreshed
2023-05-15 23:27:49.262 [main] INFO  s.d.s.web.plugins.DocumentationPluginsBootstrapper [DocumentationPluginsBootstrapper.java : 163] - Found 1 custom documentation plugin(s)
2023-05-15 23:27:49.310 [main] INFO  s.d.spring.web.scanners.ApiListingReferenceScanner [ApiListingReferenceScanner.java : 41] - Scanning for api listing references
2023-05-15 23:27:49.553 [main] INFO  com.dealermanager.DealermanagerApplication [StartupInfoLogger.java : 61] - Started DealermanagerApplication in 9.969 seconds (JVM running for 12.058)
2023-05-15 23:27:50.535 [RMI TCP Connection(2)-192.168.10.7] INFO  o.a.c.core.ContainerBase.[Tomcat].[localhost].[/] [DirectJDKLog.java : 173] - Initializing Spring DispatcherServlet 'dispatcherServlet'
2023-05-15 23:27:50.535 [RMI TCP Connection(2)-192.168.10.7] INFO  org.springframework.web.servlet.DispatcherServlet [FrameworkServlet.java : 525] - Initializing Servlet 'dispatcherServlet'
2023-05-15 23:27:50.539 [RMI TCP Connection(1)-192.168.10.7] INFO  com.zaxxer.hikari.HikariDataSource [HikariDataSource.java : 110] - HikariPool-1 - Starting...
2023-05-15 23:27:50.547 [RMI TCP Connection(2)-192.168.10.7] INFO  org.springframework.web.servlet.DispatcherServlet [FrameworkServlet.java : 547] - Completed initialization in 12 ms
2023-05-15 23:27:54.186 [RMI TCP Connection(1)-192.168.10.7] INFO  com.zaxxer.hikari.HikariDataSource [HikariDataSource.java : 123] - HikariPool-1 - Start completed.
2023-05-15 23:28:00.279 [http-nio-30219-exec-1] INFO  com.dealermanager.controller.UserController [UserController.java : 45] - -----login------
2023-05-15 23:28:00.282 [http-nio-30219-exec-1] INFO  com.dealermanager.service.impl.UserServiceImpl [UserServiceImpl.java : 51] - 查询用户：null
2023-05-15 23:28:18.825 [http-nio-30219-exec-3] INFO  com.dealermanager.controller.UserController [UserController.java : 45] - -----login------
2023-05-15 23:28:18.825 [http-nio-30219-exec-3] INFO  com.dealermanager.service.impl.UserServiceImpl [UserServiceImpl.java : 51] - 查询用户：18814090734
2023-05-15 23:28:19.579 [http-nio-30219-exec-3] INFO  com.dealermanager.util.TokenUtil [TokenUtil.java : 117] - ==>生成token入参id:admin,userId:18814090734,username:{}
2023-05-15 23:28:19.757 [http-nio-30219-exec-3] INFO  com.dealermanager.util.TokenUtil [TokenUtil.java : 42] - >>>>>>>>>>>TokenUtil createJWT claims.{phone=18814090734, userName=admin}
2023-05-15 23:28:19.758 [http-nio-30219-exec-3] INFO  com.dealermanager.util.TokenUtil [TokenUtil.java : 43] - >>>>>>>>>>>TokenUtil createJWT now.Mon May 15 23:28:19 GMT+08:00 2023
2023-05-15 23:28:19.758 [http-nio-30219-exec-3] INFO  com.dealermanager.util.TokenUtil [TokenUtil.java : 44] - >>>>>>>>>>>TokenUtil createJWT signatureAlgorithm.HS256
2023-05-15 23:28:19.758 [http-nio-30219-exec-3] INFO  com.dealermanager.util.TokenUtil [TokenUtil.java : 45] - >>>>>>>>>>>TokenUtil createJWT secretKey.javax.crypto.spec.SecretKeySpec@5ee92cb
2023-05-15 23:28:19.762 [http-nio-30219-exec-3] INFO  com.dealermanager.util.TokenUtil [TokenUtil.java : 52] - >>>>>>>>>>>TokenUtil createJWT builder.io.jsonwebtoken.impl.DefaultJwtBuilder@1c8c744e
2023-05-15 23:28:19.780 [http-nio-30219-exec-3] INFO  com.dealermanager.util.TokenUtil [TokenUtil.java : 122] - ==>token生成成功token:eyJhbGciOiJIUzI1NiJ9.eyJwaG9uZSI6IjE4ODE0MDkwNzM0IiwidXNlck5hbWUiOiJhZG1pbiIsImlhdCI6MTY4NDE2NDQ5OX0.lJ59p0M-BQdjyAz4_v1qpacUyA0bcdS7LoFs_wwZOtA
2023-05-15 23:28:19.781 [http-nio-30219-exec-3] INFO  com.dealermanager.controller.UserController [UserController.java : 67] - 生成token: 
2023-05-15 23:28:19.781 [http-nio-30219-exec-3] INFO  com.dealermanager.service.impl.UserServiceImpl [UserServiceImpl.java : 27] - 更新token
2023-05-15 23:28:21.119 [http-nio-30219-exec-3] INFO  com.dealermanager.controller.UserController [UserController.java : 70] - ==login()==result: {"token":"eyJhbGciOiJIUzI1NiJ9.eyJwaG9uZSI6IjE4ODE0MDkwNzM0IiwidXNlck5hbWUiOiJhZG1pbiIsImlhdCI6MTY4NDE2NDQ5OX0.lJ59p0M-BQdjyAz4_v1qpacUyA0bcdS7LoFs_wwZOtA"}
2023-05-15 23:28:35.584 [http-nio-30219-exec-5] INFO  com.dealermanager.controller.UserController [UserController.java : 88] - -----logout------
2023-05-15 23:28:35.584 [http-nio-30219-exec-5] INFO  com.dealermanager.controller.UserController [UserController.java : 91] - logout():
2023-05-15 23:53:28.876 [HikariPool-1 housekeeper] WARN  com.zaxxer.hikari.pool.HikariPool [HikariPool.java : 787] - HikariPool-1 - Thread starvation or clock leap detected (housekeeper delta=12m4s369ms419µs700ns).
